1572761611409	geckodriver	INFO	Listening on 127.0.0.1:55000
1572761613398	mozprofile::profile	INFO	Using profile path C:\Users\ADMINI~1\AppData\Local\Temp\rust_mozprofile.zmP8KYJk72jD
1572761613404	geckodriver::marionette	INFO	Starting browser C:\Program Files (x86)\Mozilla Firefox\firefox.exe
1572761615899	geckodriver::marionette	INFO	Connecting to Marionette on localhost:55016
1572761617304	addons.xpi	WARN	Error parsing extensions state: [Exception... "Component returned failure code: 0x80520012 (NS_ERROR_FILE_NOT_FOUND) [amIAddonManagerStartup.readStartupData]"  nsresult: "0x80520012 (NS_ERROR_FILE_NOT_FOUND)"  location: "JS frame :: resource://gre/modules/addons/XPIProvider.jsm :: loadExtensionState :: line 1554"  data: no] Stack trace: loadExtensionState()@resource://gre/modules/addons/XPIProvider.jsm:1554 < getInstallState()@resource://gre/modules/addons/XPIProvider.jsm:1589 < checkForChanges()@resource://gre/modules/addons/XPIProvider.jsm:3109 < startup()@resource://gre/modules/addons/XPIProvider.jsm:2188 < callProvider()@resource://gre/modules/AddonManager.jsm:269 < _startProvider()@resource://gre/modules/AddonManager.jsm:739 < startup()@resource://gre/modules/AddonManager.jsm:906 < startup()@resource://gre/modules/AddonManager.jsm:3090 < observe()@jar:file:///C:/Program%20Files%20(x86)/Mozilla%20Firefox/omni.ja!/components/addonManager.js:65
*** UTM:SVC TimerManager:registerTimer called after profile-before-change notification. Ignoring timer registration for id: telemetry_modules_ping
1572762477826	geckodriver	INFO	Listening on 127.0.0.1:49940
1572762479833	mozprofile::profile	INFO	Using profile path C:\Users\ADMINI~1\AppData\Local\Temp\rust_mozprofile.KKEWhdB6DL3B
1572762479840	geckodriver::marionette	INFO	Starting browser C:\Program Files\Mozilla Firefox\firefox.exe
1572762479871	geckodriver::marionette	INFO	Connecting to Marionette on localhost:49959
1572762481074	Marionette	INFO	Listening on port 49959
JavaScript error: https://ss1.bdstatic.com/5eN1bjq8AAUYm2zgoY3K/r/www/cache/static/protocol/https/plugins/every_cookie_4644b13.js, line 4: ReferenceError: c is not defined
1572762507927	geckodriver	INFO	Listening on 127.0.0.1:49993
1572762509909	mozprofile::profile	INFO	Using profile path C:\Users\ADMINI~1\AppData\Local\Temp\rust_mozprofile.ErydYEFAOwuf
1572762509915	geckodriver::marionette	INFO	Starting browser C:\Program Files\Mozilla Firefox\firefox.exe
1572762509937	geckodriver::marionette	INFO	Connecting to Marionette on localhost:50001
1572762511060	Marionette	INFO	Listening on port 50001
JavaScript error: https://ss1.bdstatic.com/5eN1bjq8AAUYm2zgoY3K/r/www/cache/static/protocol/https/plugins/every_cookie_4644b13.js, line 4: ReferenceError: c is not defined
1572762515132	geckodriver	INFO	Listening on 127.0.0.1:50027
1572762517176	mozprofile::profile	INFO	Using profile path C:\Users\ADMINI~1\AppData\Local\Temp\rust_mozprofile.kY7kgM5Cx1fm
1572762517187	geckodriver::marionette	INFO	Starting browser C:\Program Files\Mozilla Firefox\firefox.exe
1572762517231	geckodriver::marionette	INFO	Connecting to Marionette on localhost:50034
1572762518461	Marionette	INFO	Listening on port 50034
JavaScript error: https://ss1.bdstatic.com/5eN1bjq8AAUYm2zgoY3K/r/www/cache/static/protocol/https/plugins/every_cookie_4644b13.js, line 4: ReferenceError: c is not defined
1572762527876	geckodriver	INFO	Listening on 127.0.0.1:50064
1572762529923	mozprofile::profile	INFO	Using profile path C:\Users\ADMINI~1\AppData\Local\Temp\rust_mozprofile.Fb2BfZNOnU9t
1572762529934	geckodriver::marionette	INFO	Starting browser C:\Program Files\Mozilla Firefox\firefox.exe
1572762529974	geckodriver::marionette	INFO	Connecting to Marionette on localhost:50070
1572762531085	Marionette	INFO	Listening on port 50070
JavaScript error: https://ss1.bdstatic.com/5eN1bjq8AAUYm2zgoY3K/r/www/cache/static/protocol/https/plugins/every_cookie_4644b13.js, line 4: ReferenceError: c is not defined
JavaScript warning: resource://gre/modules/commonjs/toolkit/loader.js -> resource://gre/modules/commonjs/sdk/system/environment.js, line 15: Proxy.create and Proxy.createFunction are deprecated, use new Proxy instead
1572763116239	geckodriver	INFO	Listening on 127.0.0.1:50190
1572763118240	mozprofile::profile	INFO	Using profile path C:\Users\ADMINI~1\AppData\Local\Temp\rust_mozprofile.lK4ea9iFsh4t
1572763118245	geckodriver::marionette	INFO	Starting browser C:\Program Files\Mozilla Firefox\firefox.exe
1572763118278	geckodriver::marionette	INFO	Connecting to Marionette on localhost:50197
1572763119445	Marionette	INFO	Listening on port 50197
JavaScript error: https://ss1.bdstatic.com/5eN1bjq8AAUYm2zgoY3K/r/www/cache/static/protocol/https/plugins/every_cookie_4644b13.js, line 4: ReferenceError: c is not defined
1572854504965	geckodriver	INFO	Listening on 127.0.0.1:51423
1572854506964	mozprofile::profile	INFO	Using profile path C:\Users\ADMINI~1\AppData\Local\Temp\rust_mozprofile.dL753NNfqweC
1572854506971	geckodriver::marionette	INFO	Starting browser C:\Program Files\Mozilla Firefox\firefox.exe
1572854506986	geckodriver::marionette	INFO	Connecting to Marionette on localhost:51429
1572854508106	Marionette	INFO	Listening on port 51429
JavaScript error: https://ss1.bdstatic.com/5eN1bjq8AAUYm2zgoY3K/r/www/cache/static/protocol/https/plugins/every_cookie_4644b13.js, line 4: ReferenceError: c is not defined
1572854638131	geckodriver	INFO	Listening on 127.0.0.1:51484
1572854640164	mozprofile::profile	INFO	Using profile path C:\Users\ADMINI~1\AppData\Local\Temp\rust_mozprofile.GSmPzUDrf8ZH
1572854640173	geckodriver::marionette	INFO	Starting browser C:\Program Files\Mozilla Firefox\firefox.exe
1572854640187	geckodriver::marionette	INFO	Connecting to Marionette on localhost:51490
1572854641151	Marionette	INFO	Listening on port 51490
JavaScript error: https://ss1.bdstatic.com/5eN1bjq8AAUYm2zgoY3K/r/www/cache/static/protocol/https/plugins/every_cookie_4644b13.js, line 4: ReferenceError: c is not defined
1572854693032	geckodriver	INFO	Listening on 127.0.0.1:51552
1572854695065	mozprofile::profile	INFO	Using profile path C:\Users\ADMINI~1\AppData\Local\Temp\rust_mozprofile.lecZrIzuvPvk
1572854695072	geckodriver::marionette	INFO	Starting browser C:\Program Files\Mozilla Firefox\firefox.exe
1572854695084	geckodriver::marionette	INFO	Connecting to Marionette on localhost:51558
1572854696145	Marionette	INFO	Listening on port 51558
JavaScript error: https://ss1.bdstatic.com/5eN1bjq8AAUYm2zgoY3K/r/www/cache/static/protocol/https/plugins/every_cookie_4644b13.js, line 4: ReferenceError: c is not defined
1572854976787	geckodriver	INFO	Listening on 127.0.0.1:51655
1572854978790	mozprofile::profile	INFO	Using profile path C:\Users\ADMINI~1\AppData\Local\Temp\rust_mozprofile.JZZB06B0FXXC
1572854978806	geckodriver::marionette	INFO	Starting browser C:\Program Files\Mozilla Firefox\firefox.exe
1572854978821	geckodriver::marionette	INFO	Connecting to Marionette on localhost:51661
1572854979799	Marionette	INFO	Listening on port 51661
JavaScript error: https://ss1.bdstatic.com/5eN1bjq8AAUYm2zgoY3K/r/www/cache/static/protocol/https/plugins/every_cookie_4644b13.js, line 4: ReferenceError: c is not defined
1572855185296	geckodriver	INFO	Listening on 127.0.0.1:51732
1572855187320	mozprofile::profile	INFO	Using profile path C:\Users\ADMINI~1\AppData\Local\Temp\rust_mozprofile.qJR9pO0v8Uzo
1572855187335	geckodriver::marionette	INFO	Starting browser C:\Program Files\Mozilla Firefox\firefox.exe
1572855187347	geckodriver::marionette	INFO	Connecting to Marionette on localhost:51738
1572855188264	Marionette	INFO	Listening on port 51738
JavaScript error: https://ss1.bdstatic.com/5eN1bjq8AAUYm2zgoY3K/r/www/cache/static/protocol/https/plugins/every_cookie_4644b13.js, line 4: ReferenceError: c is not defined
1572855504865	geckodriver	INFO	Listening on 127.0.0.1:51938
1572855506890	mozprofile::profile	INFO	Using profile path C:\Users\ADMINI~1\AppData\Local\Temp\rust_mozprofile.vCakk0Pef2zn
1572855506900	geckodriver::marionette	INFO	Starting browser C:\Program Files\Mozilla Firefox\firefox.exe
1572855506915	geckodriver::marionette	INFO	Connecting to Marionette on localhost:51944
1572855507873	Marionette	INFO	Listening on port 51944
JavaScript error: https://ss1.bdstatic.com/5eN1bjq8AAUYm2zgoY3K/r/www/cache/static/protocol/https/plugins/every_cookie_4644b13.js, line 4: ReferenceError: c is not defined
1572855527807	geckodriver	INFO	Listening on 127.0.0.1:51981
1572855529815	mozprofile::profile	INFO	Using profile path C:\Users\ADMINI~1\AppData\Local\Temp\rust_mozprofile.iajSbAtH3oVs
1572855529823	geckodriver::marionette	INFO	Starting browser C:\Program Files\Mozilla Firefox\firefox.exe
1572855529836	geckodriver::marionette	INFO	Connecting to Marionette on localhost:51987
1572855530787	Marionette	INFO	Listening on port 51987
JavaScript error: https://ss1.bdstatic.com/5eN1bjq8AAUYm2zgoY3K/r/www/cache/static/protocol/https/plugins/every_cookie_4644b13.js, line 4: ReferenceError: c is not defined
1572855599971	geckodriver	INFO	Listening on 127.0.0.1:52029
1572855601985	mozprofile::profile	INFO	Using profile path C:\Users\ADMINI~1\AppData\Local\Temp\rust_mozprofile.za2M8KFKbUWA
1572855601998	geckodriver::marionette	INFO	Starting browser C:\Program Files\Mozilla Firefox\firefox.exe
1572855602012	geckodriver::marionette	INFO	Connecting to Marionette on localhost:52035
1572855602927	Marionette	INFO	Listening on port 52035
JavaScript error: https://ss1.bdstatic.com/5eN1bjq8AAUYm2zgoY3K/r/www/cache/static/protocol/https/plugins/every_cookie_4644b13.js, line 4: ReferenceError: c is not defined
1572855684581	geckodriver	INFO	Listening on 127.0.0.1:52081
1572855686581	mozprofile::profile	INFO	Using profile path C:\Users\ADMINI~1\AppData\Local\Temp\rust_mozprofile.kMblORz2ztWz
1572855686596	geckodriver::marionette	INFO	Starting browser C:\Program Files\Mozilla Firefox\firefox.exe
1572855686610	geckodriver::marionette	INFO	Connecting to Marionette on localhost:52087
1572855687555	Marionette	INFO	Listening on port 52087
JavaScript error: https://ss1.bdstatic.com/5eN1bjq8AAUYm2zgoY3K/r/www/cache/static/protocol/https/plugins/every_cookie_4644b13.js, line 4: ReferenceError: c is not defined
1572856226863	geckodriver	INFO	Listening on 127.0.0.1:52153
1572856228899	mozprofile::profile	INFO	Using profile path C:\Users\ADMINI~1\AppData\Local\Temp\rust_mozprofile.rr9uwDWuOMMY
1572856228909	geckodriver::marionette	INFO	Starting browser C:\Program Files\Mozilla Firefox\firefox.exe
1572856228921	geckodriver::marionette	INFO	Connecting to Marionette on localhost:52159
1572856229859	Marionette	INFO	Listening on port 52159
JavaScript error: resource://gre/modules/addons/XPIProvider.jsm -> jar:file:///C:/Program%20Files/Mozilla%20Firefox/browser/features/loop@mozilla.org.xpi!/bootstrap.js, line 1263: NS_ERROR_NOT_AVAILABLE: Component returned failure code: 0x80040111 (NS_ERROR_NOT_AVAILABLE) [nsIDNSRecord.getNextAddrAsString]
JavaScript error: https://ss1.bdstatic.com/5eN1bjq8AAUYm2zgoY3K/r/www/cache/static/protocol/https/plugins/every_cookie_4644b13.js, line 4: ReferenceError: c is not defined
1572856292332	geckodriver	INFO	Listening on 127.0.0.1:52226
1572856294353	mozprofile::profile	INFO	Using profile path C:\Users\ADMINI~1\AppData\Local\Temp\rust_mozprofile.CY26LnJwAjS9
1572856294367	geckodriver::marionette	INFO	Starting browser C:\Program Files\Mozilla Firefox\firefox.exe
1572856294380	geckodriver::marionette	INFO	Connecting to Marionette on localhost:52232
1572856295449	Marionette	INFO	Listening on port 52232
JavaScript error: https://ss1.bdstatic.com/5eN1bjq8AAUYm2zgoY3K/r/www/cache/static/protocol/https/plugins/every_cookie_4644b13.js, line 4: ReferenceError: c is not defined
1572856337955	geckodriver	INFO	Listening on 127.0.0.1:52310
1572856339945	mozprofile::profile	INFO	Using profile path C:\Users\ADMINI~1\AppData\Local\Temp\rust_mozprofile.QlzIrdtSeKsP
1572856339961	geckodriver::marionette	INFO	Starting browser C:\Program Files\Mozilla Firefox\firefox.exe
1572856339978	geckodriver::marionette	INFO	Connecting to Marionette on localhost:52316
1572856340924	Marionette	INFO	Listening on port 52316
JavaScript error: https://ss1.bdstatic.com/5eN1bjq8AAUYm2zgoY3K/r/www/cache/static/protocol/https/plugins/every_cookie_4644b13.js, line 4: ReferenceError: c is not defined
1572856403432	addons.productaddons	WARN	Failed downloading via XHR, status: 0, reason: error
1572856407691	geckodriver	INFO	Listening on 127.0.0.1:52389
1572856409741	mozprofile::profile	INFO	Using profile path C:\Users\ADMINI~1\AppData\Local\Temp\rust_mozprofile.Kic4hWgQv2jY
1572856409750	geckodriver::marionette	INFO	Starting browser C:\Program Files\Mozilla Firefox\firefox.exe
1572856409761	geckodriver::marionette	INFO	Connecting to Marionette on localhost:52396
1572856410698	Marionette	INFO	Listening on port 52396
JavaScript error: https://ss1.bdstatic.com/5eN1bjq8AAUYm2zgoY3K/r/www/cache/static/protocol/https/plugins/every_cookie_4644b13.js, line 4: ReferenceError: c is not defined
1572856440996	geckodriver	INFO	Listening on 127.0.0.1:52493
1572856443020	mozprofile::profile	INFO	Using profile path C:\Users\ADMINI~1\AppData\Local\Temp\rust_mozprofile.1SZaOZFxp2t1
1572856443036	geckodriver::marionette	INFO	Starting browser C:\Program Files\Mozilla Firefox\firefox.exe
1572856443056	geckodriver::marionette	INFO	Connecting to Marionette on localhost:52499
1572856444022	Marionette	INFO	Listening on port 52499
JavaScript error: https://ss1.bdstatic.com/5eN1bjq8AAUYm2zgoY3K/r/www/cache/static/protocol/https/plugins/every_cookie_4644b13.js, line 4: ReferenceError: c is not defined
*************************
A coding exception was thrown and uncaught in a Task.

Full message: TypeError: this.browser.getBrowserForTab is not a function
Full stack: BrowserObj.prototype.hasRemotenessChange@chrome://marionette/content/driver.js:3182:25
BrowserObj.prototype.executeWhenReady@chrome://marionette/content/driver.js:3213:7
GeckoDriver.prototype.sendAsync@chrome://marionette/content/driver.js:223:5
send/<@chrome://marionette/content/proxy.js:138:7
send@chrome://marionette/content/proxy.js:105:12
ownPriorityGetterTrap.get/<@chrome://marionette/content/proxy.js:24:25
GeckoDriver.prototype.findElement@chrome://marionette/content/driver.js:1878:31
TaskImpl_run@resource://gre/modules/Task.jsm:319:40
TaskImpl@resource://gre/modules/Task.jsm:280:3
createAsyncFunction/asyncFunction@resource://gre/modules/Task.jsm:254:14
Task_spawn@resource://gre/modules/Task.jsm:168:12
TaskImpl_handleResultValue@resource://gre/modules/Task.jsm:388:16
TaskImpl_run@resource://gre/modules/Task.jsm:327:13
TaskImpl@resource://gre/modules/Task.jsm:280:3
createAsyncFunction/asyncFunction@resource://gre/modules/Task.jsm:254:14
Task_spawn@resource://gre/modules/Task.jsm:168:12
Dispatcher.prototype.execute@chrome://marionette/content/dispatcher.js:120:13
Dispatcher.prototype.onPacket@chrome://marionette/content/dispatcher.js:91:5
DebuggerTransport.prototype._onJSONObjectReady/<@chrome://marionette/content/server.js -> resource://devtools/shared/transport/transport.js:479:9
exports.makeInfallible/<@resource://gre/modules/commonjs/toolkit/loader.js -> resource://devtools/shared/ThreadSafeDevToolsUtils.js:101:14
exports.makeInfallible/<@resource://gre/modules/commonjs/toolkit/loader.js -> resource://devtools/shared/ThreadSafeDevToolsUtils.js:101:14

*************************
*************************
A coding exception was thrown and uncaught in a Task.

Full message: TypeError: this.browser.getBrowserForTab is not a function
Full stack: BrowserObj.prototype.hasRemotenessChange@chrome://marionette/content/driver.js:3182:25
BrowserObj.prototype.executeWhenReady@chrome://marionette/content/driver.js:3213:7
GeckoDriver.prototype.sendAsync@chrome://marionette/content/driver.js:223:5
send/<@chrome://marionette/content/proxy.js:138:7
send@chrome://marionette/content/proxy.js:105:12
ownPriorityGetterTrap.get/<@chrome://marionette/content/proxy.js:24:25
GeckoDriver.prototype.findElement@chrome://marionette/content/driver.js:1878:31
TaskImpl_run@resource://gre/modules/Task.jsm:319:40
TaskImpl@resource://gre/modules/Task.jsm:280:3
createAsyncFunction/asyncFunction@resource://gre/modules/Task.jsm:254:14
Task_spawn@resource://gre/modules/Task.jsm:168:12
TaskImpl_handleResultValue@resource://gre/modules/Task.jsm:388:16
TaskImpl_run@resource://gre/modules/Task.jsm:327:13
TaskImpl@resource://gre/modules/Task.jsm:280:3
createAsyncFunction/asyncFunction@resource://gre/modules/Task.jsm:254:14
Task_spawn@resource://gre/modules/Task.jsm:168:12
Dispatcher.prototype.execute@chrome://marionette/content/dispatcher.js:120:13
Dispatcher.prototype.onPacket@chrome://marionette/content/dispatcher.js:91:5
DebuggerTransport.prototype._onJSONObjectReady/<@chrome://marionette/content/server.js -> resource://devtools/shared/transport/transport.js:479:9
exports.makeInfallible/<@resource://gre/modules/commonjs/toolkit/loader.js -> resource://devtools/shared/ThreadSafeDevToolsUtils.js:101:14
exports.makeInfallible/<@resource://gre/modules/commonjs/toolkit/loader.js -> resource://devtools/shared/ThreadSafeDevToolsUtils.js:101:14

*************************
*************************
A coding exception was thrown in a Promise rejection callback.
See https://developer.mozilla.org/Mozilla/JavaScript_code_modules/Promise.jsm/Promise

Full message: TypeError: this.browser.getBrowserForTab is not a function
Full stack: BrowserObj.prototype.hasRemotenessChange@chrome://marionette/content/driver.js:3182:25
BrowserObj.prototype.executeWhenReady@chrome://marionette/content/driver.js:3213:7
GeckoDriver.prototype.sendAsync@chrome://marionette/content/driver.js:223:5
send/<@chrome://marionette/content/proxy.js:138:7
send@chrome://marionette/content/proxy.js:105:12
ownPriorityGetterTrap.get/<@chrome://marionette/content/proxy.js:24:25
GeckoDriver.prototype.findElement@chrome://marionette/content/driver.js:1878:31
TaskImpl_run@resource://gre/modules/Task.jsm:319:40
TaskImpl@resource://gre/modules/Task.jsm:280:3
createAsyncFunction/asyncFunction@resource://gre/modules/Task.jsm:254:14
Task_spawn@resource://gre/modules/Task.jsm:168:12
TaskImpl_handleResultValue@resource://gre/modules/Task.jsm:388:16
TaskImpl_run@resource://gre/modules/Task.jsm:327:13
TaskImpl@resource://gre/modules/Task.jsm:280:3
createAsyncFunction/asyncFunction@resource://gre/modules/Task.jsm:254:14
Task_spawn@resource://gre/modules/Task.jsm:168:12
Dispatcher.prototype.execute@chrome://marionette/content/dispatcher.js:120:13
Dispatcher.prototype.onPacket@chrome://marionette/content/dispatcher.js:91:5
DebuggerTransport.prototype._onJSONObjectReady/<@chrome://marionette/content/server.js -> resource://devtools/shared/transport/transport.js:479:9
exports.makeInfallible/<@resource://gre/modules/commonjs/toolkit/loader.js -> resource://devtools/shared/ThreadSafeDevToolsUtils.js:101:14
exports.makeInfallible/<@resource://gre/modules/commonjs/toolkit/loader.js -> resource://devtools/shared/ThreadSafeDevToolsUtils.js:101:14

*************************
Marionette threw an error: TypeError: this.browser.getBrowserForTab is not a function
BrowserObj.prototype.hasRemotenessChange@chrome://marionette/content/driver.js:3182:25
BrowserObj.prototype.executeWhenReady@chrome://marionette/content/driver.js:3213:7
GeckoDriver.prototype.sendAsync@chrome://marionette/content/driver.js:223:5
send/<@chrome://marionette/content/proxy.js:138:7
send@chrome://marionette/content/proxy.js:105:12
ownPriorityGetterTrap.get/<@chrome://marionette/content/proxy.js:24:25
GeckoDriver.prototype.findElement@chrome://marionette/content/driver.js:1878:31
TaskImpl_run@resource://gre/modules/Task.jsm:319:40
TaskImpl@resource://gre/modules/Task.jsm:280:3
createAsyncFunction/asyncFunction@resource://gre/modules/Task.jsm:254:14
Task_spawn@resource://gre/modules/Task.jsm:168:12
TaskImpl_handleResultValue@resource://gre/modules/Task.jsm:388:16
TaskImpl_run@resource://gre/modules/Task.jsm:327:13
TaskImpl@resource://gre/modules/Task.jsm:280:3
createAsyncFunction/asyncFunction@resource://gre/modules/Task.jsm:254:14
Task_spawn@resource://gre/modules/Task.jsm:168:12
Dispatcher.prototype.execute@chrome://marionette/content/dispatcher.js:120:13
Dispatcher.prototype.onPacket@chrome://marionette/content/dispatcher.js:91:5
DebuggerTransport.prototype._onJSONObjectReady/<@chrome://marionette/content/server.js -> resource://devtools/shared/transport/transport.js:479:9
exports.makeInfallible/<@resource://gre/modules/commonjs/toolkit/loader.js -> resource://devtools/shared/ThreadSafeDevToolsUtils.js:101:14
exports.makeInfallible/<@resource://gre/modules/commonjs/toolkit/loader.js -> resource://devtools/shared/ThreadSafeDevToolsUtils.js:101:14

1572856484127	geckodriver	INFO	Listening on 127.0.0.1:52581
1572856486140	mozprofile::profile	INFO	Using profile path C:\Users\ADMINI~1\AppData\Local\Temp\rust_mozprofile.7yOzL4mtVAjY
1572856486155	geckodriver::marionette	INFO	Starting browser C:\Program Files\Mozilla Firefox\firefox.exe
1572856486171	geckodriver::marionette	INFO	Connecting to Marionette on localhost:52587
1572856487164	Marionette	INFO	Listening on port 52587
JavaScript error: https://ss1.bdstatic.com/5eN1bjq8AAUYm2zgoY3K/r/www/cache/static/protocol/https/plugins/every_cookie_4644b13.js, line 4: ReferenceError: c is not defined
1572857041481	geckodriver	INFO	Listening on 127.0.0.1:52702
1572857043503	mozprofile::profile	INFO	Using profile path C:\Users\ADMINI~1\AppData\Local\Temp\rust_mozprofile.UUAhNouD0jLw
1572857043519	geckodriver::marionette	INFO	Starting browser C:\Program Files\Mozilla Firefox\firefox.exe
1572857043534	geckodriver::marionette	INFO	Connecting to Marionette on localhost:52708
1572857044612	Marionette	INFO	Listening on port 52708
JavaScript error: https://ss1.bdstatic.com/5eN1bjq8AAUYm2zgoY3K/r/www/cache/static/protocol/https/plugins/every_cookie_4644b13.js, line 4: ReferenceError: c is not defined
1572857350612	geckodriver	INFO	Listening on 127.0.0.1:52791
1572857352649	mozprofile::profile	INFO	Using profile path C:\Users\ADMINI~1\AppData\Local\Temp\rust_mozprofile.VIgq3IWYl3OM
1572857352666	geckodriver::marionette	INFO	Starting browser C:\Program Files\Mozilla Firefox\firefox.exe
1572857352684	geckodriver::marionette	INFO	Connecting to Marionette on localhost:52797
1572857353752	Marionette	INFO	Listening on port 52797
JavaScript error: https://ss1.bdstatic.com/5eN1bjq8AAUYm2zgoY3K/r/www/cache/static/protocol/https/plugins/every_cookie_4644b13.js, line 4: ReferenceError: c is not defined
JavaScript warning: resource://gre/modules/commonjs/toolkit/loader.js -> resource://gre/modules/commonjs/sdk/system/environment.js, line 15: Proxy.create and Proxy.createFunction are deprecated, use new Proxy instead
JavaScript error: resource://gre/modules/commonjs/toolkit/loader.js -> resource://devtools/server/actors/inspector.js, line 4047: NS_ERROR_ILLEGAL_VALUE: Component returned failure code: 0x80070057 (NS_ERROR_ILLEGAL_VALUE) [inIDeepTreeWalker.parentNode]
JavaScript error: resource://gre/modules/commonjs/toolkit/loader.js -> resource://devtools/server/actors/inspector.js, line 4047: NS_ERROR_ILLEGAL_VALUE: Component returned failure code: 0x80070057 (NS_ERROR_ILLEGAL_VALUE) [inIDeepTreeWalker.parentNode]
JavaScript error: resource://gre/modules/commonjs/toolkit/loader.js -> resource://devtools/server/actors/inspector.js, line 4047: NS_ERROR_ILLEGAL_VALUE: Component returned failure code: 0x80070057 (NS_ERROR_ILLEGAL_VALUE) [inIDeepTreeWalker.parentNode]
JavaScript error: resource://gre/modules/commonjs/toolkit/loader.js -> resource://devtools/server/actors/inspector.js, line 4047: NS_ERROR_ILLEGAL_VALUE: Component returned failure code: 0x80070057 (NS_ERROR_ILLEGAL_VALUE) [inIDeepTreeWalker.parentNode]
JavaScript error: resource://gre/modules/commonjs/toolkit/loader.js -> resource://devtools/server/actors/inspector.js, line 4047: NS_ERROR_ILLEGAL_VALUE: Component returned failure code: 0x80070057 (NS_ERROR_ILLEGAL_VALUE) [inIDeepTreeWalker.parentNode]
JavaScript error: resource://gre/modules/commonjs/toolkit/loader.js -> resource://devtools/server/actors/inspector.js, line 4047: NS_ERROR_ILLEGAL_VALUE: Component returned failure code: 0x80070057 (NS_ERROR_ILLEGAL_VALUE) [inIDeepTreeWalker.parentNode]
JavaScript error: resource://gre/modules/commonjs/toolkit/loader.js -> resource://devtools/server/actors/inspector.js, line 4047: NS_ERROR_ILLEGAL_VALUE: Component returned failure code: 0x80070057 (NS_ERROR_ILLEGAL_VALUE) [inIDeepTreeWalker.parentNode]
JavaScript error: resource://gre/modules/commonjs/toolkit/loader.js -> resource://devtools/server/actors/inspector.js, line 4047: NS_ERROR_ILLEGAL_VALUE: Component returned failure code: 0x80070057 (NS_ERROR_ILLEGAL_VALUE) [inIDeepTreeWalker.parentNode]
JavaScript error: resource://gre/modules/commonjs/toolkit/loader.js -> resource://devtools/server/actors/inspector.js, line 4047: NS_ERROR_ILLEGAL_VALUE: Component returned failure code: 0x80070057 (NS_ERROR_ILLEGAL_VALUE) [inIDeepTreeWalker.parentNode]
JavaScript error: resource://gre/modules/commonjs/toolkit/loader.js -> resource://devtools/server/actors/inspector.js, line 4047: NS_ERROR_ILLEGAL_VALUE: Component returned failure code: 0x80070057 (NS_ERROR_ILLEGAL_VALUE) [inIDeepTreeWalker.parentNode]
JavaScript error: resource://gre/modules/commonjs/toolkit/loader.js -> resource://devtools/server/actors/inspector.js, line 4047: NS_ERROR_ILLEGAL_VALUE: Component returned failure code: 0x80070057 (NS_ERROR_ILLEGAL_VALUE) [inIDeepTreeWalker.parentNode]
JavaScript error: resource://gre/modules/commonjs/toolkit/loader.js -> resource://devtools/server/actors/inspector.js, line 4047: NS_ERROR_ILLEGAL_VALUE: Component returned failure code: 0x80070057 (NS_ERROR_ILLEGAL_VALUE) [inIDeepTreeWalker.parentNode]
JavaScript error: resource://gre/modules/commonjs/toolkit/loader.js -> resource://devtools/server/actors/inspector.js, line 4047: NS_ERROR_ILLEGAL_VALUE: Component returned failure code: 0x80070057 (NS_ERROR_ILLEGAL_VALUE) [inIDeepTreeWalker.parentNode]
JavaScript error: resource://gre/modules/commonjs/toolkit/loader.js -> resource://devtools/server/actors/inspector.js, line 4047: NS_ERROR_ILLEGAL_VALUE: Component returned failure code: 0x80070057 (NS_ERROR_ILLEGAL_VALUE) [inIDeepTreeWalker.parentNode]
JavaScript error: resource://gre/modules/commonjs/toolkit/loader.js -> resource://devtools/server/actors/inspector.js, line 4047: NS_ERROR_ILLEGAL_VALUE: Component returned failure code: 0x80070057 (NS_ERROR_ILLEGAL_VALUE) [inIDeepTreeWalker.parentNode]
JavaScript error: resource://gre/modules/commonjs/toolkit/loader.js -> resource://devtools/server/actors/inspector.js, line 4047: NS_ERROR_ILLEGAL_VALUE: Component returned failure code: 0x80070057 (NS_ERROR_ILLEGAL_VALUE) [inIDeepTreeWalker.parentNode]
JavaScript error: resource://gre/modules/commonjs/toolkit/loader.js -> resource://devtools/server/actors/inspector.js, line 4047: NS_ERROR_ILLEGAL_VALUE: Component returned failure code: 0x80070057 (NS_ERROR_ILLEGAL_VALUE) [inIDeepTreeWalker.parentNode]
JavaScript error: resource://gre/modules/commonjs/toolkit/loader.js -> resource://devtools/server/actors/inspector.js, line 4047: NS_ERROR_ILLEGAL_VALUE: Component returned failure code: 0x80070057 (NS_ERROR_ILLEGAL_VALUE) [inIDeepTreeWalker.parentNode]
JavaScript error: resource://gre/modules/commonjs/toolkit/loader.js -> resource://devtools/server/actors/inspector.js, line 4047: NS_ERROR_ILLEGAL_VALUE: Component returned failure code: 0x80070057 (NS_ERROR_ILLEGAL_VALUE) [inIDeepTreeWalker.parentNode]
JavaScript error: resource://gre/modules/commonjs/toolkit/loader.js -> resource://devtools/server/actors/inspector.js, line 4047: NS_ERROR_ILLEGAL_VALUE: Component returned failure code: 0x80070057 (NS_ERROR_ILLEGAL_VALUE) [inIDeepTreeWalker.parentNode]
JavaScript error: resource://gre/modules/commonjs/toolkit/loader.js -> resource://devtools/server/actors/inspector.js, line 4047: NS_ERROR_ILLEGAL_VALUE: Component returned failure code: 0x80070057 (NS_ERROR_ILLEGAL_VALUE) [inIDeepTreeWalker.parentNode]
JavaScript error: resource://gre/modules/commonjs/toolkit/loader.js -> resource://devtools/server/actors/inspector.js, line 4047: NS_ERROR_ILLEGAL_VALUE: Component returned failure code: 0x80070057 (NS_ERROR_ILLEGAL_VALUE) [inIDeepTreeWalker.parentNode]
JavaScript error: resource://gre/modules/commonjs/toolkit/loader.js -> resource://devtools/server/actors/inspector.js, line 4047: NS_ERROR_ILLEGAL_VALUE: Component returned failure code: 0x80070057 (NS_ERROR_ILLEGAL_VALUE) [inIDeepTreeWalker.parentNode]
JavaScript error: resource://gre/modules/commonjs/toolkit/loader.js -> resource://devtools/server/actors/inspector.js, line 4047: NS_ERROR_ILLEGAL_VALUE: Component returned failure code: 0x80070057 (NS_ERROR_ILLEGAL_VALUE) [inIDeepTreeWalker.parentNode]
JavaScript error: resource://gre/modules/commonjs/toolkit/loader.js -> resource://devtools/server/actors/inspector.js, line 4047: NS_ERROR_ILLEGAL_VALUE: Component returned failure code: 0x80070057 (NS_ERROR_ILLEGAL_VALUE) [inIDeepTreeWalker.parentNode]
JavaScript error: resource://gre/modules/commonjs/toolkit/loader.js -> resource://devtools/server/actors/inspector.js, line 4047: NS_ERROR_ILLEGAL_VALUE: Component returned failure code: 0x80070057 (NS_ERROR_ILLEGAL_VALUE) [inIDeepTreeWalker.parentNode]
JavaScript error: resource://gre/modules/commonjs/toolkit/loader.js -> resource://devtools/server/actors/inspector.js, line 4047: NS_ERROR_ILLEGAL_VALUE: Component returned failure code: 0x80070057 (NS_ERROR_ILLEGAL_VALUE) [inIDeepTreeWalker.parentNode]
JavaScript error: resource://gre/modules/commonjs/toolkit/loader.js -> resource://devtools/server/actors/inspector.js, line 4047: NS_ERROR_ILLEGAL_VALUE: Component returned failure code: 0x80070057 (NS_ERROR_ILLEGAL_VALUE) [inIDeepTreeWalker.parentNode]
JavaScript error: resource://gre/modules/commonjs/toolkit/loader.js -> resource://devtools/server/actors/inspector.js, line 4047: NS_ERROR_ILLEGAL_VALUE: Component returned failure code: 0x80070057 (NS_ERROR_ILLEGAL_VALUE) [inIDeepTreeWalker.parentNode]
JavaScript error: resource://gre/modules/commonjs/toolkit/loader.js -> resource://devtools/server/actors/inspector.js, line 4047: NS_ERROR_ILLEGAL_VALUE: Component returned failure code: 0x80070057 (NS_ERROR_ILLEGAL_VALUE) [inIDeepTreeWalker.parentNode]
JavaScript error: resource://gre/modules/commonjs/toolkit/loader.js -> resource://devtools/server/actors/inspector.js, line 4047: NS_ERROR_ILLEGAL_VALUE: Component returned failure code: 0x80070057 (NS_ERROR_ILLEGAL_VALUE) [inIDeepTreeWalker.parentNode]
JavaScript error: resource://gre/modules/commonjs/toolkit/loader.js -> resource://devtools/server/actors/inspector.js, line 4047: NS_ERROR_ILLEGAL_VALUE: Component returned failure code: 0x80070057 (NS_ERROR_ILLEGAL_VALUE) [inIDeepTreeWalker.parentNode]
JavaScript error: resource://gre/modules/commonjs/toolkit/loader.js -> resource://devtools/server/actors/inspector.js, line 4047: NS_ERROR_ILLEGAL_VALUE: Component returned failure code: 0x80070057 (NS_ERROR_ILLEGAL_VALUE) [inIDeepTreeWalker.parentNode]
JavaScript error: resource://gre/modules/commonjs/toolkit/loader.js -> resource://devtools/server/actors/inspector.js, line 4047: NS_ERROR_ILLEGAL_VALUE: Component returned failure code: 0x80070057 (NS_ERROR_ILLEGAL_VALUE) [inIDeepTreeWalker.parentNode]
JavaScript error: resource://gre/modules/commonjs/toolkit/loader.js -> resource://devtools/server/actors/inspector.js, line 4047: NS_ERROR_ILLEGAL_VALUE: Component returned failure code: 0x80070057 (NS_ERROR_ILLEGAL_VALUE) [inIDeepTreeWalker.parentNode]
JavaScript error: resource://gre/modules/commonjs/toolkit/loader.js -> resource://devtools/server/actors/inspector.js, line 4047: NS_ERROR_ILLEGAL_VALUE: Component returned failure code: 0x80070057 (NS_ERROR_ILLEGAL_VALUE) [inIDeepTreeWalker.parentNode]
JavaScript error: resource://gre/modules/commonjs/toolkit/loader.js -> resource://devtools/server/actors/inspector.js, line 4047: NS_ERROR_ILLEGAL_VALUE: Component returned failure code: 0x80070057 (NS_ERROR_ILLEGAL_VALUE) [inIDeepTreeWalker.parentNode]
JavaScript error: resource://gre/modules/commonjs/toolkit/loader.js -> resource://devtools/server/actors/inspector.js, line 4047: NS_ERROR_ILLEGAL_VALUE: Component returned failure code: 0x80070057 (NS_ERROR_ILLEGAL_VALUE) [inIDeepTreeWalker.parentNode]
JavaScript error: resource://gre/modules/commonjs/toolkit/loader.js -> resource://devtools/server/actors/inspector.js, line 4047: NS_ERROR_ILLEGAL_VALUE: Component returned failure code: 0x80070057 (NS_ERROR_ILLEGAL_VALUE) [inIDeepTreeWalker.parentNode]
JavaScript error: resource://gre/modules/commonjs/toolkit/loader.js -> resource://devtools/server/actors/inspector.js, line 4047: NS_ERROR_ILLEGAL_VALUE: Component returned failure code: 0x80070057 (NS_ERROR_ILLEGAL_VALUE) [inIDeepTreeWalker.parentNode]
JavaScript error: resource://gre/modules/commonjs/toolkit/loader.js -> resource://devtools/server/actors/inspector.js, line 4047: NS_ERROR_ILLEGAL_VALUE: Component returned failure code: 0x80070057 (NS_ERROR_ILLEGAL_VALUE) [inIDeepTreeWalker.parentNode]
JavaScript error: resource://gre/modules/commonjs/toolkit/loader.js -> resource://devtools/server/actors/inspector.js, line 4047: NS_ERROR_ILLEGAL_VALUE: Component returned failure code: 0x80070057 (NS_ERROR_ILLEGAL_VALUE) [inIDeepTreeWalker.parentNode]
JavaScript error: resource://gre/modules/commonjs/toolkit/loader.js -> resource://devtools/server/actors/inspector.js, line 4047: NS_ERROR_ILLEGAL_VALUE: Component returned failure code: 0x80070057 (NS_ERROR_ILLEGAL_VALUE) [inIDeepTreeWalker.parentNode]
JavaScript error: resource://gre/modules/commonjs/toolkit/loader.js -> resource://devtools/server/actors/inspector.js, line 4047: NS_ERROR_ILLEGAL_VALUE: Component returned failure code: 0x80070057 (NS_ERROR_ILLEGAL_VALUE) [inIDeepTreeWalker.parentNode]
JavaScript error: resource://gre/modules/commonjs/toolkit/loader.js -> resource://devtools/server/actors/inspector.js, line 4047: NS_ERROR_ILLEGAL_VALUE: Component returned failure code: 0x80070057 (NS_ERROR_ILLEGAL_VALUE) [inIDeepTreeWalker.parentNode]
JavaScript error: resource://gre/modules/commonjs/toolkit/loader.js -> resource://devtools/server/actors/inspector.js, line 4047: NS_ERROR_ILLEGAL_VALUE: Component returned failure code: 0x80070057 (NS_ERROR_ILLEGAL_VALUE) [inIDeepTreeWalker.parentNode]
JavaScript error: resource://gre/modules/commonjs/toolkit/loader.js -> resource://devtools/server/actors/inspector.js, line 4047: NS_ERROR_ILLEGAL_VALUE: Component returned failure code: 0x80070057 (NS_ERROR_ILLEGAL_VALUE) [inIDeepTreeWalker.parentNode]
JavaScript error: resource://gre/modules/commonjs/toolkit/loader.js -> resource://devtools/server/actors/inspector.js, line 4047: NS_ERROR_ILLEGAL_VALUE: Component returned failure code: 0x80070057 (NS_ERROR_ILLEGAL_VALUE) [inIDeepTreeWalker.parentNode]
JavaScript error: resource://gre/modules/commonjs/toolkit/loader.js -> resource://devtools/server/actors/inspector.js, line 4047: NS_ERROR_ILLEGAL_VALUE: Component returned failure code: 0x80070057 (NS_ERROR_ILLEGAL_VALUE) [inIDeepTreeWalker.parentNode]
JavaScript error: resource://gre/modules/commonjs/toolkit/loader.js -> resource://devtools/server/actors/inspector.js, line 4047: NS_ERROR_ILLEGAL_VALUE: Component returned failure code: 0x80070057 (NS_ERROR_ILLEGAL_VALUE) [inIDeepTreeWalker.parentNode]
JavaScript error: resource://gre/modules/commonjs/toolkit/loader.js -> resource://devtools/server/actors/inspector.js, line 4047: NS_ERROR_ILLEGAL_VALUE: Component returned failure code: 0x80070057 (NS_ERROR_ILLEGAL_VALUE) [inIDeepTreeWalker.parentNode]
JavaScript error: resource://gre/modules/commonjs/toolkit/loader.js -> resource://devtools/server/actors/inspector.js, line 4047: NS_ERROR_ILLEGAL_VALUE: Component returned failure code: 0x80070057 (NS_ERROR_ILLEGAL_VALUE) [inIDeepTreeWalker.parentNode]
JavaScript error: resource://gre/modules/commonjs/toolkit/loader.js -> resource://devtools/server/actors/inspector.js, line 4047: NS_ERROR_ILLEGAL_VALUE: Component returned failure code: 0x80070057 (NS_ERROR_ILLEGAL_VALUE) [inIDeepTreeWalker.parentNode]
JavaScript error: resource://gre/modules/commonjs/toolkit/loader.js -> resource://devtools/server/actors/inspector.js, line 4047: NS_ERROR_ILLEGAL_VALUE: Component returned failure code: 0x80070057 (NS_ERROR_ILLEGAL_VALUE) [inIDeepTreeWalker.parentNode]
JavaScript error: resource://gre/modules/commonjs/toolkit/loader.js -> resource://devtools/server/actors/inspector.js, line 4047: NS_ERROR_ILLEGAL_VALUE: Component returned failure code: 0x80070057 (NS_ERROR_ILLEGAL_VALUE) [inIDeepTreeWalker.parentNode]
JavaScript error: resource://gre/modules/commonjs/toolkit/loader.js -> resource://devtools/server/actors/inspector.js, line 4047: NS_ERROR_ILLEGAL_VALUE: Component returned failure code: 0x80070057 (NS_ERROR_ILLEGAL_VALUE) [inIDeepTreeWalker.parentNode]
JavaScript error: resource://gre/modules/commonjs/toolkit/loader.js -> resource://devtools/server/actors/inspector.js, line 4047: NS_ERROR_ILLEGAL_VALUE: Component returned failure code: 0x80070057 (NS_ERROR_ILLEGAL_VALUE) [inIDeepTreeWalker.parentNode]
JavaScript error: resource://gre/modules/commonjs/toolkit/loader.js -> resource://devtools/server/actors/inspector.js, line 4047: NS_ERROR_ILLEGAL_VALUE: Component returned failure code: 0x80070057 (NS_ERROR_ILLEGAL_VALUE) [inIDeepTreeWalker.parentNode]
JavaScript error: resource://gre/modules/commonjs/toolkit/loader.js -> resource://devtools/server/actors/inspector.js, line 4047: NS_ERROR_ILLEGAL_VALUE: Component returned failure code: 0x80070057 (NS_ERROR_ILLEGAL_VALUE) [inIDeepTreeWalker.parentNode]
JavaScript error: resource://gre/modules/commonjs/toolkit/loader.js -> resource://devtools/server/actors/inspector.js, line 4047: NS_ERROR_ILLEGAL_VALUE: Component returned failure code: 0x80070057 (NS_ERROR_ILLEGAL_VALUE) [inIDeepTreeWalker.parentNode]
JavaScript error: resource://gre/modules/commonjs/toolkit/loader.js -> resource://devtools/server/actors/inspector.js, line 4047: NS_ERROR_ILLEGAL_VALUE: Component returned failure code: 0x80070057 (NS_ERROR_ILLEGAL_VALUE) [inIDeepTreeWalker.parentNode]
JavaScript error: resource://gre/modules/commonjs/toolkit/loader.js -> resource://devtools/server/actors/inspector.js, line 4047: NS_ERROR_ILLEGAL_VALUE: Component returned failure code: 0x80070057 (NS_ERROR_ILLEGAL_VALUE) [inIDeepTreeWalker.parentNode]
JavaScript error: resource://gre/modules/commonjs/toolkit/loader.js -> resource://devtools/server/actors/inspector.js, line 4047: NS_ERROR_ILLEGAL_VALUE: Component returned failure code: 0x80070057 (NS_ERROR_ILLEGAL_VALUE) [inIDeepTreeWalker.parentNode]
JavaScript error: resource://gre/modules/commonjs/toolkit/loader.js -> resource://devtools/server/actors/inspector.js, line 4047: NS_ERROR_ILLEGAL_VALUE: Component returned failure code: 0x80070057 (NS_ERROR_ILLEGAL_VALUE) [inIDeepTreeWalker.parentNode]
JavaScript error: resource://gre/modules/commonjs/toolkit/loader.js -> resource://devtools/server/actors/inspector.js, line 4047: NS_ERROR_ILLEGAL_VALUE: Component returned failure code: 0x80070057 (NS_ERROR_ILLEGAL_VALUE) [inIDeepTreeWalker.parentNode]
JavaScript error: resource://gre/modules/commonjs/toolkit/loader.js -> resource://devtools/server/actors/inspector.js, line 4047: NS_ERROR_ILLEGAL_VALUE: Component returned failure code: 0x80070057 (NS_ERROR_ILLEGAL_VALUE) [inIDeepTreeWalker.parentNode]
JavaScript error: resource://gre/modules/commonjs/toolkit/loader.js -> resource://devtools/server/actors/inspector.js, line 4047: NS_ERROR_ILLEGAL_VALUE: Component returned failure code: 0x80070057 (NS_ERROR_ILLEGAL_VALUE) [inIDeepTreeWalker.parentNode]
JavaScript error: resource://gre/modules/commonjs/toolkit/loader.js -> resource://devtools/server/actors/inspector.js, line 4047: NS_ERROR_ILLEGAL_VALUE: Component returned failure code: 0x80070057 (NS_ERROR_ILLEGAL_VALUE) [inIDeepTreeWalker.parentNode]
JavaScript error: resource://gre/modules/commonjs/toolkit/loader.js -> resource://devtools/server/actors/inspector.js, line 4047: NS_ERROR_ILLEGAL_VALUE: Component returned failure code: 0x80070057 (NS_ERROR_ILLEGAL_VALUE) [inIDeepTreeWalker.parentNode]
JavaScript error: resource://gre/modules/commonjs/toolkit/loader.js -> resource://devtools/server/actors/inspector.js, line 4047: NS_ERROR_ILLEGAL_VALUE: Component returned failure code: 0x80070057 (NS_ERROR_ILLEGAL_VALUE) [inIDeepTreeWalker.parentNode]
JavaScript error: resource://gre/modules/commonjs/toolkit/loader.js -> resource://devtools/server/actors/inspector.js, line 4047: NS_ERROR_ILLEGAL_VALUE: Component returned failure code: 0x80070057 (NS_ERROR_ILLEGAL_VALUE) [inIDeepTreeWalker.parentNode]
JavaScript error: resource://gre/modules/commonjs/toolkit/loader.js -> resource://devtools/server/actors/inspector.js, line 4047: NS_ERROR_ILLEGAL_VALUE: Component returned failure code: 0x80070057 (NS_ERROR_ILLEGAL_VALUE) [inIDeepTreeWalker.parentNode]
JavaScript error: resource://gre/modules/commonjs/toolkit/loader.js -> resource://devtools/server/actors/inspector.js, line 4047: NS_ERROR_ILLEGAL_VALUE: Component returned failure code: 0x80070057 (NS_ERROR_ILLEGAL_VALUE) [inIDeepTreeWalker.parentNode]
JavaScript error: resource://gre/modules/commonjs/toolkit/loader.js -> resource://devtools/server/actors/inspector.js, line 4047: NS_ERROR_ILLEGAL_VALUE: Component returned failure code: 0x80070057 (NS_ERROR_ILLEGAL_VALUE) [inIDeepTreeWalker.parentNode]
JavaScript error: resource://gre/modules/commonjs/toolkit/loader.js -> resource://devtools/server/actors/inspector.js, line 4047: NS_ERROR_ILLEGAL_VALUE: Component returned failure code: 0x80070057 (NS_ERROR_ILLEGAL_VALUE) [inIDeepTreeWalker.parentNode]
JavaScript error: resource://gre/modules/commonjs/toolkit/loader.js -> resource://devtools/server/actors/inspector.js, line 4047: NS_ERROR_ILLEGAL_VALUE: Component returned failure code: 0x80070057 (NS_ERROR_ILLEGAL_VALUE) [inIDeepTreeWalker.parentNode]
JavaScript error: resource://gre/modules/commonjs/toolkit/loader.js -> resource://devtools/server/actors/inspector.js, line 4047: NS_ERROR_ILLEGAL_VALUE: Component returned failure code: 0x80070057 (NS_ERROR_ILLEGAL_VALUE) [inIDeepTreeWalker.parentNode]
JavaScript error: resource://gre/modules/commonjs/toolkit/loader.js -> resource://devtools/server/actors/inspector.js, line 4047: NS_ERROR_ILLEGAL_VALUE: Component returned failure code: 0x80070057 (NS_ERROR_ILLEGAL_VALUE) [inIDeepTreeWalker.parentNode]
JavaScript error: resource://gre/modules/commonjs/toolkit/loader.js -> resource://devtools/server/actors/inspector.js, line 4047: NS_ERROR_ILLEGAL_VALUE: Component returned failure code: 0x80070057 (NS_ERROR_ILLEGAL_VALUE) [inIDeepTreeWalker.parentNode]
JavaScript error: resource://gre/modules/commonjs/toolkit/loader.js -> resource://devtools/server/actors/inspector.js, line 4047: NS_ERROR_ILLEGAL_VALUE: Component returned failure code: 0x80070057 (NS_ERROR_ILLEGAL_VALUE) [inIDeepTreeWalker.parentNode]
JavaScript error: resource://gre/modules/commonjs/toolkit/loader.js -> resource://devtools/server/actors/inspector.js, line 4047: NS_ERROR_ILLEGAL_VALUE: Component returned failure code: 0x80070057 (NS_ERROR_ILLEGAL_VALUE) [inIDeepTreeWalker.parentNode]
JavaScript error: resource://gre/modules/commonjs/toolkit/loader.js -> resource://devtools/server/actors/inspector.js, line 4047: NS_ERROR_ILLEGAL_VALUE: Component returned failure code: 0x80070057 (NS_ERROR_ILLEGAL_VALUE) [inIDeepTreeWalker.parentNode]
JavaScript error: resource://gre/modules/commonjs/toolkit/loader.js -> resource://devtools/server/actors/inspector.js, line 4047: NS_ERROR_ILLEGAL_VALUE: Component returned failure code: 0x80070057 (NS_ERROR_ILLEGAL_VALUE) [inIDeepTreeWalker.parentNode]
JavaScript error: resource://gre/modules/commonjs/toolkit/loader.js -> resource://devtools/server/actors/inspector.js, line 4047: NS_ERROR_ILLEGAL_VALUE: Component returned failure code: 0x80070057 (NS_ERROR_ILLEGAL_VALUE) [inIDeepTreeWalker.parentNode]
JavaScript error: resource://gre/modules/commonjs/toolkit/loader.js -> resource://devtools/server/actors/inspector.js, line 4047: NS_ERROR_ILLEGAL_VALUE: Component returned failure code: 0x80070057 (NS_ERROR_ILLEGAL_VALUE) [inIDeepTreeWalker.parentNode]
JavaScript error: resource://gre/modules/commonjs/toolkit/loader.js -> resource://devtools/server/actors/inspector.js, line 4047: NS_ERROR_ILLEGAL_VALUE: Component returned failure code: 0x80070057 (NS_ERROR_ILLEGAL_VALUE) [inIDeepTreeWalker.parentNode]
JavaScript error: resource://gre/modules/commonjs/toolkit/loader.js -> resource://devtools/server/actors/inspector.js, line 4047: NS_ERROR_ILLEGAL_VALUE: Component returned failure code: 0x80070057 (NS_ERROR_ILLEGAL_VALUE) [inIDeepTreeWalker.parentNode]
JavaScript error: resource://gre/modules/commonjs/toolkit/loader.js -> resource://devtools/server/actors/inspector.js, line 4047: NS_ERROR_ILLEGAL_VALUE: Component returned failure code: 0x80070057 (NS_ERROR_ILLEGAL_VALUE) [inIDeepTreeWalker.parentNode]
JavaScript error: resource://gre/modules/commonjs/toolkit/loader.js -> resource://devtools/server/actors/inspector.js, line 4047: NS_ERROR_ILLEGAL_VALUE: Component returned failure code: 0x80070057 (NS_ERROR_ILLEGAL_VALUE) [inIDeepTreeWalker.parentNode]
JavaScript error: resource://gre/modules/commonjs/toolkit/loader.js -> resource://devtools/server/actors/inspector.js, line 4047: NS_ERROR_ILLEGAL_VALUE: Component returned failure code: 0x80070057 (NS_ERROR_ILLEGAL_VALUE) [inIDeepTreeWalker.parentNode]
JavaScript error: resource://gre/modules/commonjs/toolkit/loader.js -> resource://devtools/server/actors/inspector.js, line 4047: NS_ERROR_ILLEGAL_VALUE: Component returned failure code: 0x80070057 (NS_ERROR_ILLEGAL_VALUE) [inIDeepTreeWalker.parentNode]
JavaScript error: resource://gre/modules/commonjs/toolkit/loader.js -> resource://devtools/server/actors/inspector.js, line 4047: NS_ERROR_ILLEGAL_VALUE: Component returned failure code: 0x80070057 (NS_ERROR_ILLEGAL_VALUE) [inIDeepTreeWalker.parentNode]
JavaScript error: resource://gre/modules/commonjs/toolkit/loader.js -> resource://devtools/server/actors/inspector.js, line 4047: NS_ERROR_ILLEGAL_VALUE: Component returned failure code: 0x80070057 (NS_ERROR_ILLEGAL_VALUE) [inIDeepTreeWalker.parentNode]
JavaScript error: resource://gre/modules/commonjs/toolkit/loader.js -> resource://devtools/server/actors/inspector.js, line 4047: NS_ERROR_ILLEGAL_VALUE: Component returned failure code: 0x80070057 (NS_ERROR_ILLEGAL_VALUE) [inIDeepTreeWalker.parentNode]
JavaScript error: resource://gre/modules/commonjs/toolkit/loader.js -> resource://devtools/server/actors/inspector.js, line 4047: NS_ERROR_ILLEGAL_VALUE: Component returned failure code: 0x80070057 (NS_ERROR_ILLEGAL_VALUE) [inIDeepTreeWalker.parentNode]
JavaScript error: resource://gre/modules/commonjs/toolkit/loader.js -> resource://devtools/server/actors/inspector.js, line 4047: NS_ERROR_ILLEGAL_VALUE: Component returned failure code: 0x80070057 (NS_ERROR_ILLEGAL_VALUE) [inIDeepTreeWalker.parentNode]
JavaScript error: resource://gre/modules/commonjs/toolkit/loader.js -> resource://devtools/server/actors/inspector.js, line 4047: NS_ERROR_ILLEGAL_VALUE: Component returned failure code: 0x80070057 (NS_ERROR_ILLEGAL_VALUE) [inIDeepTreeWalker.parentNode]
JavaScript error: resource://gre/modules/commonjs/toolkit/loader.js -> resource://devtools/server/actors/inspector.js, line 4047: NS_ERROR_ILLEGAL_VALUE: Component returned failure code: 0x80070057 (NS_ERROR_ILLEGAL_VALUE) [inIDeepTreeWalker.parentNode]
JavaScript error: resource://gre/modules/commonjs/toolkit/loader.js -> resource://devtools/server/actors/inspector.js, line 4047: NS_ERROR_ILLEGAL_VALUE: Component returned failure code: 0x80070057 (NS_ERROR_ILLEGAL_VALUE) [inIDeepTreeWalker.parentNode]
JavaScript error: resource://gre/modules/commonjs/toolkit/loader.js -> resource://devtools/server/actors/inspector.js, line 4047: NS_ERROR_ILLEGAL_VALUE: Component returned failure code: 0x80070057 (NS_ERROR_ILLEGAL_VALUE) [inIDeepTreeWalker.parentNode]
JavaScript error: resource://gre/modules/commonjs/toolkit/loader.js -> resource://devtools/server/actors/inspector.js, line 4047: NS_ERROR_ILLEGAL_VALUE: Component returned failure code: 0x80070057 (NS_ERROR_ILLEGAL_VALUE) [inIDeepTreeWalker.parentNode]
JavaScript error: resource://gre/modules/commonjs/toolkit/loader.js -> resource://devtools/server/actors/inspector.js, line 4047: NS_ERROR_ILLEGAL_VALUE: Component returned failure code: 0x80070057 (NS_ERROR_ILLEGAL_VALUE) [inIDeepTreeWalker.parentNode]
JavaScript error: resource://gre/modules/commonjs/toolkit/loader.js -> resource://devtools/server/actors/inspector.js, line 4047: NS_ERROR_ILLEGAL_VALUE: Component returned failure code: 0x80070057 (NS_ERROR_ILLEGAL_VALUE) [inIDeepTreeWalker.parentNode]
JavaScript error: resource://gre/modules/commonjs/toolkit/loader.js -> resource://devtools/server/actors/inspector.js, line 4047: NS_ERROR_ILLEGAL_VALUE: Component returned failure code: 0x80070057 (NS_ERROR_ILLEGAL_VALUE) [inIDeepTreeWalker.parentNode]
JavaScript error: resource://gre/modules/commonjs/toolkit/loader.js -> resource://devtools/server/actors/inspector.js, line 4047: NS_ERROR_ILLEGAL_VALUE: Component returned failure code: 0x80070057 (NS_ERROR_ILLEGAL_VALUE) [inIDeepTreeWalker.parentNode]
JavaScript error: resource://gre/modules/commonjs/toolkit/loader.js -> resource://devtools/server/actors/inspector.js, line 4047: NS_ERROR_ILLEGAL_VALUE: Component returned failure code: 0x80070057 (NS_ERROR_ILLEGAL_VALUE) [inIDeepTreeWalker.parentNode]
JavaScript error: resource://gre/modules/commonjs/toolkit/loader.js -> resource://devtools/server/actors/inspector.js, line 4047: NS_ERROR_ILLEGAL_VALUE: Component returned failure code: 0x80070057 (NS_ERROR_ILLEGAL_VALUE) [inIDeepTreeWalker.parentNode]
JavaScript error: resource://gre/modules/commonjs/toolkit/loader.js -> resource://devtools/server/actors/inspector.js, line 4047: NS_ERROR_ILLEGAL_VALUE: Component returned failure code: 0x80070057 (NS_ERROR_ILLEGAL_VALUE) [inIDeepTreeWalker.parentNode]
JavaScript error: resource://gre/modules/commonjs/toolkit/loader.js -> resource://devtools/server/actors/inspector.js, line 4047: NS_ERROR_ILLEGAL_VALUE: Component returned failure code: 0x80070057 (NS_ERROR_ILLEGAL_VALUE) [inIDeepTreeWalker.parentNode]
JavaScript error: resource://gre/modules/commonjs/toolkit/loader.js -> resource://devtools/server/actors/inspector.js, line 4047: NS_ERROR_ILLEGAL_VALUE: Component returned failure code: 0x80070057 (NS_ERROR_ILLEGAL_VALUE) [inIDeepTreeWalker.parentNode]
JavaScript error: resource://gre/modules/commonjs/toolkit/loader.js -> resource://devtools/server/actors/inspector.js, line 4047: NS_ERROR_ILLEGAL_VALUE: Component returned failure code: 0x80070057 (NS_ERROR_ILLEGAL_VALUE) [inIDeepTreeWalker.parentNode]
JavaScript error: resource://gre/modules/commonjs/toolkit/loader.js -> resource://devtools/server/actors/inspector.js, line 4047: NS_ERROR_ILLEGAL_VALUE: Component returned failure code: 0x80070057 (NS_ERROR_ILLEGAL_VALUE) [inIDeepTreeWalker.parentNode]
JavaScript error: resource://gre/modules/commonjs/toolkit/loader.js -> resource://devtools/server/actors/inspector.js, line 4047: NS_ERROR_ILLEGAL_VALUE: Component returned failure code: 0x80070057 (NS_ERROR_ILLEGAL_VALUE) [inIDeepTreeWalker.parentNode]
JavaScript error: resource://gre/modules/commonjs/toolkit/loader.js -> resource://devtools/server/actors/inspector.js, line 4047: NS_ERROR_ILLEGAL_VALUE: Component returned failure code: 0x80070057 (NS_ERROR_ILLEGAL_VALUE) [inIDeepTreeWalker.parentNode]
JavaScript error: resource://gre/modules/commonjs/toolkit/loader.js -> resource://devtools/server/actors/inspector.js, line 4047: NS_ERROR_ILLEGAL_VALUE: Component returned failure code: 0x80070057 (NS_ERROR_ILLEGAL_VALUE) [inIDeepTreeWalker.parentNode]
JavaScript error: resource://gre/modules/commonjs/toolkit/loader.js -> resource://devtools/server/actors/inspector.js, line 4047: NS_ERROR_ILLEGAL_VALUE: Component returned failure code: 0x80070057 (NS_ERROR_ILLEGAL_VALUE) [inIDeepTreeWalker.parentNode]
JavaScript error: resource://gre/modules/commonjs/toolkit/loader.js -> resource://devtools/server/actors/inspector.js, line 4047: NS_ERROR_ILLEGAL_VALUE: Component returned failure code: 0x80070057 (NS_ERROR_ILLEGAL_VALUE) [inIDeepTreeWalker.parentNode]
JavaScript error: resource://gre/modules/commonjs/toolkit/loader.js -> resource://devtools/server/actors/inspector.js, line 4047: NS_ERROR_ILLEGAL_VALUE: Component returned failure code: 0x80070057 (NS_ERROR_ILLEGAL_VALUE) [inIDeepTreeWalker.parentNode]
JavaScript error: resource://gre/modules/commonjs/toolkit/loader.js -> resource://devtools/server/actors/inspector.js, line 4047: NS_ERROR_ILLEGAL_VALUE: Component returned failure code: 0x80070057 (NS_ERROR_ILLEGAL_VALUE) [inIDeepTreeWalker.parentNode]
JavaScript error: resource://gre/modules/commonjs/toolkit/loader.js -> resource://devtools/server/actors/inspector.js, line 4047: NS_ERROR_ILLEGAL_VALUE: Component returned failure code: 0x80070057 (NS_ERROR_ILLEGAL_VALUE) [inIDeepTreeWalker.parentNode]
JavaScript error: resource://gre/modules/commonjs/toolkit/loader.js -> resource://devtools/server/actors/inspector.js, line 4047: NS_ERROR_ILLEGAL_VALUE: Component returned failure code: 0x80070057 (NS_ERROR_ILLEGAL_VALUE) [inIDeepTreeWalker.parentNode]
JavaScript error: resource://gre/modules/commonjs/toolkit/loader.js -> resource://devtools/server/actors/inspector.js, line 4047: NS_ERROR_ILLEGAL_VALUE: Component returned failure code: 0x80070057 (NS_ERROR_ILLEGAL_VALUE) [inIDeepTreeWalker.parentNode]
JavaScript error: resource://gre/modules/commonjs/toolkit/loader.js -> resource://devtools/server/actors/inspector.js, line 4047: NS_ERROR_ILLEGAL_VALUE: Component returned failure code: 0x80070057 (NS_ERROR_ILLEGAL_VALUE) [inIDeepTreeWalker.parentNode]
JavaScript error: resource://gre/modules/commonjs/toolkit/loader.js -> resource://devtools/server/actors/inspector.js, line 4047: NS_ERROR_ILLEGAL_VALUE: Component returned failure code: 0x80070057 (NS_ERROR_ILLEGAL_VALUE) [inIDeepTreeWalker.parentNode]
JavaScript error: resource://gre/modules/commonjs/toolkit/loader.js -> resource://devtools/server/actors/inspector.js, line 4047: NS_ERROR_ILLEGAL_VALUE: Component returned failure code: 0x80070057 (NS_ERROR_ILLEGAL_VALUE) [inIDeepTreeWalker.parentNode]
JavaScript error: resource://gre/modules/commonjs/toolkit/loader.js -> resource://devtools/server/actors/inspector.js, line 4047: NS_ERROR_ILLEGAL_VALUE: Component returned failure code: 0x80070057 (NS_ERROR_ILLEGAL_VALUE) [inIDeepTreeWalker.parentNode]
JavaScript error: resource://gre/modules/commonjs/toolkit/loader.js -> resource://devtools/server/actors/inspector.js, line 4047: NS_ERROR_ILLEGAL_VALUE: Component returned failure code: 0x80070057 (NS_ERROR_ILLEGAL_VALUE) [inIDeepTreeWalker.parentNode]
JavaScript error: resource://gre/modules/commonjs/toolkit/loader.js -> resource://devtools/server/actors/inspector.js, line 4047: NS_ERROR_ILLEGAL_VALUE: Component returned failure code: 0x80070057 (NS_ERROR_ILLEGAL_VALUE) [inIDeepTreeWalker.parentNode]
JavaScript error: resource://gre/modules/commonjs/toolkit/loader.js -> resource://devtools/server/actors/inspector.js, line 4047: NS_ERROR_ILLEGAL_VALUE: Component returned failure code: 0x80070057 (NS_ERROR_ILLEGAL_VALUE) [inIDeepTreeWalker.parentNode]
JavaScript error: resource://gre/modules/commonjs/toolkit/loader.js -> resource://devtools/server/actors/inspector.js, line 4047: NS_ERROR_ILLEGAL_VALUE: Component returned failure code: 0x80070057 (NS_ERROR_ILLEGAL_VALUE) [inIDeepTreeWalker.parentNode]
JavaScript error: resource://gre/modules/commonjs/toolkit/loader.js -> resource://devtools/server/actors/inspector.js, line 4047: NS_ERROR_ILLEGAL_VALUE: Component returned failure code: 0x80070057 (NS_ERROR_ILLEGAL_VALUE) [inIDeepTreeWalker.parentNode]
JavaScript error: resource://gre/modules/commonjs/toolkit/loader.js -> resource://devtools/server/actors/inspector.js, line 4047: NS_ERROR_ILLEGAL_VALUE: Component returned failure code: 0x80070057 (NS_ERROR_ILLEGAL_VALUE) [inIDeepTreeWalker.parentNode]
JavaScript error: resource://gre/modules/commonjs/toolkit/loader.js -> resource://devtools/server/actors/inspector.js, line 4047: NS_ERROR_ILLEGAL_VALUE: Component returned failure code: 0x80070057 (NS_ERROR_ILLEGAL_VALUE) [inIDeepTreeWalker.parentNode]
JavaScript error: resource://gre/modules/commonjs/toolkit/loader.js -> resource://devtools/server/actors/inspector.js, line 4047: NS_ERROR_ILLEGAL_VALUE: Component returned failure code: 0x80070057 (NS_ERROR_ILLEGAL_VALUE) [inIDeepTreeWalker.parentNode]
JavaScript error: resource://gre/modules/commonjs/toolkit/loader.js -> resource://devtools/server/actors/inspector.js, line 4047: NS_ERROR_ILLEGAL_VALUE: Component returned failure code: 0x80070057 (NS_ERROR_ILLEGAL_VALUE) [inIDeepTreeWalker.parentNode]
JavaScript error: resource://gre/modules/commonjs/toolkit/loader.js -> resource://devtools/server/actors/inspector.js, line 4047: NS_ERROR_ILLEGAL_VALUE: Component returned failure code: 0x80070057 (NS_ERROR_ILLEGAL_VALUE) [inIDeepTreeWalker.parentNode]
JavaScript error: resource://gre/modules/commonjs/toolkit/loader.js -> resource://devtools/server/actors/inspector.js, line 4047: NS_ERROR_ILLEGAL_VALUE: Component returned failure code: 0x80070057 (NS_ERROR_ILLEGAL_VALUE) [inIDeepTreeWalker.parentNode]
JavaScript error: resource://gre/modules/commonjs/toolkit/loader.js -> resource://devtools/server/actors/inspector.js, line 4047: NS_ERROR_ILLEGAL_VALUE: Component returned failure code: 0x80070057 (NS_ERROR_ILLEGAL_VALUE) [inIDeepTreeWalker.parentNode]
JavaScript error: resource://gre/modules/commonjs/toolkit/loader.js -> resource://devtools/server/actors/inspector.js, line 4047: NS_ERROR_ILLEGAL_VALUE: Component returned failure code: 0x80070057 (NS_ERROR_ILLEGAL_VALUE) [inIDeepTreeWalker.parentNode]
JavaScript error: resource://gre/modules/commonjs/toolkit/loader.js -> resource://devtools/server/actors/inspector.js, line 4047: NS_ERROR_ILLEGAL_VALUE: Component returned failure code: 0x80070057 (NS_ERROR_ILLEGAL_VALUE) [inIDeepTreeWalker.parentNode]
JavaScript error: resource://gre/modules/commonjs/toolkit/loader.js -> resource://devtools/server/actors/inspector.js, line 4047: NS_ERROR_ILLEGAL_VALUE: Component returned failure code: 0x80070057 (NS_ERROR_ILLEGAL_VALUE) [inIDeepTreeWalker.parentNode]
JavaScript error: resource://gre/modules/commonjs/toolkit/loader.js -> resource://devtools/server/actors/inspector.js, line 4047: NS_ERROR_ILLEGAL_VALUE: Component returned failure code: 0x80070057 (NS_ERROR_ILLEGAL_VALUE) [inIDeepTreeWalker.parentNode]
JavaScript error: resource://gre/modules/commonjs/toolkit/loader.js -> resource://devtools/server/actors/inspector.js, line 4047: NS_ERROR_ILLEGAL_VALUE: Component returned failure code: 0x80070057 (NS_ERROR_ILLEGAL_VALUE) [inIDeepTreeWalker.parentNode]
JavaScript error: resource://gre/modules/commonjs/toolkit/loader.js -> resource://devtools/server/actors/inspector.js, line 4047: NS_ERROR_ILLEGAL_VALUE: Component returned failure code: 0x80070057 (NS_ERROR_ILLEGAL_VALUE) [inIDeepTreeWalker.parentNode]
JavaScript error: resource://gre/modules/commonjs/toolkit/loader.js -> resource://devtools/server/actors/inspector.js, line 4047: NS_ERROR_ILLEGAL_VALUE: Component returned failure code: 0x80070057 (NS_ERROR_ILLEGAL_VALUE) [inIDeepTreeWalker.parentNode]
JavaScript error: resource://gre/modules/commonjs/toolkit/loader.js -> resource://devtools/server/actors/inspector.js, line 4047: NS_ERROR_ILLEGAL_VALUE: Component returned failure code: 0x80070057 (NS_ERROR_ILLEGAL_VALUE) [inIDeepTreeWalker.parentNode]
JavaScript error: resource://gre/modules/commonjs/toolkit/loader.js -> resource://devtools/server/actors/inspector.js, line 4047: NS_ERROR_ILLEGAL_VALUE: Component returned failure code: 0x80070057 (NS_ERROR_ILLEGAL_VALUE) [inIDeepTreeWalker.parentNode]
JavaScript error: resource://gre/modules/commonjs/toolkit/loader.js -> resource://devtools/server/actors/inspector.js, line 4047: NS_ERROR_ILLEGAL_VALUE: Component returned failure code: 0x80070057 (NS_ERROR_ILLEGAL_VALUE) [inIDeepTreeWalker.parentNode]
JavaScript error: resource://gre/modules/commonjs/toolkit/loader.js -> resource://devtools/server/actors/inspector.js, line 4047: NS_ERROR_ILLEGAL_VALUE: Component returned failure code: 0x80070057 (NS_ERROR_ILLEGAL_VALUE) [inIDeepTreeWalker.parentNode]
JavaScript error: resource://gre/modules/commonjs/toolkit/loader.js -> resource://devtools/server/actors/inspector.js, line 4047: NS_ERROR_ILLEGAL_VALUE: Component returned failure code: 0x80070057 (NS_ERROR_ILLEGAL_VALUE) [inIDeepTreeWalker.parentNode]
JavaScript error: resource://gre/modules/commonjs/toolkit/loader.js -> resource://devtools/server/actors/inspector.js, line 4047: NS_ERROR_ILLEGAL_VALUE: Component returned failure code: 0x80070057 (NS_ERROR_ILLEGAL_VALUE) [inIDeepTreeWalker.parentNode]
JavaScript error: resource://gre/modules/commonjs/toolkit/loader.js -> resource://devtools/server/actors/inspector.js, line 4047: NS_ERROR_ILLEGAL_VALUE: Component returned failure code: 0x80070057 (NS_ERROR_ILLEGAL_VALUE) [inIDeepTreeWalker.parentNode]
JavaScript error: resource://gre/modules/commonjs/toolkit/loader.js -> resource://devtools/server/actors/inspector.js, line 4047: NS_ERROR_ILLEGAL_VALUE: Component returned failure code: 0x80070057 (NS_ERROR_ILLEGAL_VALUE) [inIDeepTreeWalker.parentNode]
JavaScript error: resource://gre/modules/commonjs/toolkit/loader.js -> resource://devtools/server/actors/inspector.js, line 4047: NS_ERROR_ILLEGAL_VALUE: Component returned failure code: 0x80070057 (NS_ERROR_ILLEGAL_VALUE) [inIDeepTreeWalker.parentNode]
JavaScript error: resource://gre/modules/commonjs/toolkit/loader.js -> resource://devtools/server/actors/inspector.js, line 4047: NS_ERROR_ILLEGAL_VALUE: Component returned failure code: 0x80070057 (NS_ERROR_ILLEGAL_VALUE) [inIDeepTreeWalker.parentNode]
JavaScript error: resource://gre/modules/commonjs/toolkit/loader.js -> resource://devtools/server/actors/inspector.js, line 4047: NS_ERROR_ILLEGAL_VALUE: Component returned failure code: 0x80070057 (NS_ERROR_ILLEGAL_VALUE) [inIDeepTreeWalker.parentNode]
JavaScript error: resource://gre/modules/commonjs/toolkit/loader.js -> resource://devtools/server/actors/inspector.js, line 4047: NS_ERROR_ILLEGAL_VALUE: Component returned failure code: 0x80070057 (NS_ERROR_ILLEGAL_VALUE) [inIDeepTreeWalker.parentNode]
JavaScript error: resource://gre/modules/commonjs/toolkit/loader.js -> resource://devtools/server/actors/inspector.js, line 4047: NS_ERROR_ILLEGAL_VALUE: Component returned failure code: 0x80070057 (NS_ERROR_ILLEGAL_VALUE) [inIDeepTreeWalker.parentNode]
JavaScript error: resource://gre/modules/commonjs/toolkit/loader.js -> resource://devtools/server/actors/inspector.js, line 4047: NS_ERROR_ILLEGAL_VALUE: Component returned failure code: 0x80070057 (NS_ERROR_ILLEGAL_VALUE) [inIDeepTreeWalker.parentNode]
JavaScript error: resource://gre/modules/commonjs/toolkit/loader.js -> resource://devtools/server/actors/inspector.js, line 4047: NS_ERROR_ILLEGAL_VALUE: Component returned failure code: 0x80070057 (NS_ERROR_ILLEGAL_VALUE) [inIDeepTreeWalker.parentNode]
JavaScript error: resource://gre/modules/commonjs/toolkit/loader.js -> resource://devtools/server/actors/inspector.js, line 4047: NS_ERROR_ILLEGAL_VALUE: Component returned failure code: 0x80070057 (NS_ERROR_ILLEGAL_VALUE) [inIDeepTreeWalker.parentNode]
JavaScript error: resource://gre/modules/commonjs/toolkit/loader.js -> resource://devtools/server/actors/inspector.js, line 4047: NS_ERROR_ILLEGAL_VALUE: Component returned failure code: 0x80070057 (NS_ERROR_ILLEGAL_VALUE) [inIDeepTreeWalker.parentNode]
JavaScript error: resource://gre/modules/commonjs/toolkit/loader.js -> resource://devtools/server/actors/inspector.js, line 4047: NS_ERROR_ILLEGAL_VALUE: Component returned failure code: 0x80070057 (NS_ERROR_ILLEGAL_VALUE) [inIDeepTreeWalker.parentNode]
JavaScript error: resource://gre/modules/commonjs/toolkit/loader.js -> resource://devtools/server/actors/inspector.js, line 4047: NS_ERROR_ILLEGAL_VALUE: Component returned failure code: 0x80070057 (NS_ERROR_ILLEGAL_VALUE) [inIDeepTreeWalker.parentNode]
JavaScript error: resource://gre/modules/commonjs/toolkit/loader.js -> resource://devtools/server/actors/inspector.js, line 4047: NS_ERROR_ILLEGAL_VALUE: Component returned failure code: 0x80070057 (NS_ERROR_ILLEGAL_VALUE) [inIDeepTreeWalker.parentNode]
JavaScript error: resource://gre/modules/commonjs/toolkit/loader.js -> resource://devtools/server/actors/inspector.js, line 4047: NS_ERROR_ILLEGAL_VALUE: Component returned failure code: 0x80070057 (NS_ERROR_ILLEGAL_VALUE) [inIDeepTreeWalker.parentNode]
JavaScript error: resource://gre/modules/commonjs/toolkit/loader.js -> resource://devtools/server/actors/inspector.js, line 4047: NS_ERROR_ILLEGAL_VALUE: Component returned failure code: 0x80070057 (NS_ERROR_ILLEGAL_VALUE) [inIDeepTreeWalker.parentNode]
JavaScript error: resource://gre/modules/commonjs/toolkit/loader.js -> resource://devtools/server/actors/inspector.js, line 4047: NS_ERROR_ILLEGAL_VALUE: Component returned failure code: 0x80070057 (NS_ERROR_ILLEGAL_VALUE) [inIDeepTreeWalker.parentNode]
JavaScript error: resource://gre/modules/commonjs/toolkit/loader.js -> resource://devtools/server/actors/inspector.js, line 4047: NS_ERROR_ILLEGAL_VALUE: Component returned failure code: 0x80070057 (NS_ERROR_ILLEGAL_VALUE) [inIDeepTreeWalker.parentNode]
JavaScript error: resource://gre/modules/commonjs/toolkit/loader.js -> resource://devtools/server/actors/inspector.js, line 4047: NS_ERROR_ILLEGAL_VALUE: Component returned failure code: 0x80070057 (NS_ERROR_ILLEGAL_VALUE) [inIDeepTreeWalker.parentNode]
1572858135049	geckodriver	INFO	Listening on 127.0.0.1:52890
1572858137078	mozprofile::profile	INFO	Using profile path C:\Users\ADMINI~1\AppData\Local\Temp\rust_mozprofile.2qX6Cv664I4n
1572858137091	geckodriver::marionette	INFO	Starting browser C:\Program Files\Mozilla Firefox\firefox.exe
1572858137107	geckodriver::marionette	INFO	Connecting to Marionette on localhost:52896
1572858138197	Marionette	INFO	Listening on port 52896
JavaScript error: resource://gre/modules/addons/XPIProvider.jsm -> jar:file:///C:/Program%20Files/Mozilla%20Firefox/browser/features/loop@mozilla.org.xpi!/bootstrap.js, line 1263: NS_ERROR_NOT_AVAILABLE: Component returned failure code: 0x80040111 (NS_ERROR_NOT_AVAILABLE) [nsIDNSRecord.getNextAddrAsString]
JavaScript error: https://ss1.bdstatic.com/5eN1bjq8AAUYm2zgoY3K/r/www/cache/static/protocol/https/plugins/every_cookie_4644b13.js, line 4: ReferenceError: c is not defined
1572946062876	geckodriver	INFO	Listening on 127.0.0.1:51359
1572946064864	mozprofile::profile	INFO	Using profile path C:\Users\ADMINI~1\AppData\Local\Temp\rust_mozprofile.VVZyluGbbQ1M
1572946064869	geckodriver::marionette	INFO	Starting browser C:\Program Files\Mozilla Firefox\firefox.exe
1572946064876	geckodriver::marionette	INFO	Connecting to Marionette on localhost:51365
1572946066011	Marionette	INFO	Listening on port 51365
1572946101155	geckodriver	INFO	Listening on 127.0.0.1:51431
1572946103152	mozprofile::profile	INFO	Using profile path C:\Users\ADMINI~1\AppData\Local\Temp\rust_mozprofile.D7TJkNAP8PGK
1572946103157	geckodriver::marionette	INFO	Starting browser C:\Program Files\Mozilla Firefox\firefox.exe
1572946103164	geckodriver::marionette	INFO	Connecting to Marionette on localhost:51437
1572946103989	Marionette	INFO	Listening on port 51437
1572946754331	geckodriver	INFO	Listening on 127.0.0.1:51530
1572946756347	mozprofile::profile	INFO	Using profile path C:\Users\ADMINI~1\AppData\Local\Temp\rust_mozprofile.ymi44ffKgurD
1572946756353	geckodriver::marionette	INFO	Starting browser C:\Program Files\Mozilla Firefox\firefox.exe
1572946756360	geckodriver::marionette	INFO	Connecting to Marionette on localhost:51536
1572946757183	Marionette	INFO	Listening on port 51536
JavaScript error: https://ss1.bdstatic.com/5eN1bjq8AAUYm2zgoY3K/r/www/cache/static/protocol/https/plugins/every_cookie_4644b13.js, line 4: ReferenceError: c is not defined
1572946788713	geckodriver	INFO	Listening on 127.0.0.1:51565
1572946790697	mozprofile::profile	INFO	Using profile path C:\Users\ADMINI~1\AppData\Local\Temp\rust_mozprofile.dhBoURsTjt81
1572946790699	geckodriver::marionette	INFO	Starting browser C:\Program Files\Mozilla Firefox\firefox.exe
1572946790702	geckodriver::marionette	INFO	Connecting to Marionette on localhost:51571
1572946791603	Marionette	INFO	Listening on port 51571
JavaScript error: https://ss1.bdstatic.com/5eN1bjq8AAUYm2zgoY3K/r/www/cache/static/protocol/https/plugins/every_cookie_4644b13.js, line 4: ReferenceError: c is not defined
1572946850003	geckodriver	INFO	Listening on 127.0.0.1:51609
1572946852000	mozprofile::profile	INFO	Using profile path C:\Users\ADMINI~1\AppData\Local\Temp\rust_mozprofile.Z88QbhQQECIf
1572946852157	geckodriver::marionette	INFO	Starting browser C:\Program Files\Mozilla Firefox\firefox.exe
1572946852165	geckodriver::marionette	INFO	Connecting to Marionette on localhost:51615
1572946853382	Marionette	INFO	Listening on port 51615
JavaScript error: https://ss1.bdstatic.com/5eN1bjq8AAUYm2zgoY3K/r/www/cache/static/protocol/https/plugins/every_cookie_4644b13.js, line 4: ReferenceError: c is not defined
1572947081950	geckodriver	INFO	Listening on 127.0.0.1:51664
1572947083952	mozprofile::profile	INFO	Using profile path C:\Users\ADMINI~1\AppData\Local\Temp\rust_mozprofile.iZhNlYXNpoSw
1572947083957	geckodriver::marionette	INFO	Starting browser C:\Program Files\Mozilla Firefox\firefox.exe
1572947083965	geckodriver::marionette	INFO	Connecting to Marionette on localhost:51671
1572947085088	Marionette	INFO	Listening on port 51671
JavaScript error: https://ss1.bdstatic.com/5eN1bjq8AAUYm2zgoY3K/r/www/cache/static/protocol/https/plugins/every_cookie_4644b13.js, line 4: ReferenceError: c is not defined
1572947562568	geckodriver	INFO	Listening on 127.0.0.1:51834
1572947564556	mozprofile::profile	INFO	Using profile path C:\Users\ADMINI~1\AppData\Local\Temp\rust_mozprofile.s320qz7GDPti
1572947564561	geckodriver::marionette	INFO	Starting browser C:\Program Files\Mozilla Firefox\firefox.exe
1572947564567	geckodriver::marionette	INFO	Connecting to Marionette on localhost:51840
1572947565764	Marionette	INFO	Listening on port 51840
1572947688485	geckodriver	INFO	Listening on 127.0.0.1:51923
1572947690495	mozprofile::profile	INFO	Using profile path C:\Users\ADMINI~1\AppData\Local\Temp\rust_mozprofile.5yNQmylzj5Zl
1572947690500	geckodriver::marionette	INFO	Starting browser C:\Program Files\Mozilla Firefox\firefox.exe
1572947690506	geckodriver::marionette	INFO	Connecting to Marionette on localhost:51929
1572947691364	Marionette	INFO	Listening on port 51929
1572947735203	geckodriver	INFO	Listening on 127.0.0.1:52007
1572947737222	mozprofile::profile	INFO	Using profile path C:\Users\ADMINI~1\AppData\Local\Temp\rust_mozprofile.6cdoKGhHi3Zi
1572947737227	geckodriver::marionette	INFO	Starting browser C:\Program Files\Mozilla Firefox\firefox.exe
1572947737234	geckodriver::marionette	INFO	Connecting to Marionette on localhost:52013
1572947738100	Marionette	INFO	Listening on port 52013
1572947816701	geckodriver	INFO	Listening on 127.0.0.1:52104
1572947818701	mozprofile::profile	INFO	Using profile path C:\Users\ADMINI~1\AppData\Local\Temp\rust_mozprofile.8UJZfUJqNQxS
1572947818706	geckodriver::marionette	INFO	Starting browser C:\Program Files\Mozilla Firefox\firefox.exe
1572947818716	geckodriver::marionette	INFO	Connecting to Marionette on localhost:52110
1572947819760	Marionette	INFO	Listening on port 52110
1572947880780	geckodriver	INFO	Listening on 127.0.0.1:52184
1572947882785	mozprofile::profile	INFO	Using profile path C:\Users\ADMINI~1\AppData\Local\Temp\rust_mozprofile.Z8ENJjJk1MUk
1572947882789	geckodriver::marionette	INFO	Starting browser C:\Program Files\Mozilla Firefox\firefox.exe
1572947882793	geckodriver::marionette	INFO	Connecting to Marionette on localhost:52192
1572947886726	Marionette	INFO	Listening on port 52192
1572947958047	geckodriver	INFO	Listening on 127.0.0.1:52278
1572947960061	mozprofile::profile	INFO	Using profile path C:\Users\ADMINI~1\AppData\Local\Temp\rust_mozprofile.Lm8dtLkjSlOq
1572947960066	geckodriver::marionette	INFO	Starting browser C:\Program Files\Mozilla Firefox\firefox.exe
1572947960081	geckodriver::marionette	INFO	Connecting to Marionette on localhost:52284
1572947961143	Marionette	INFO	Listening on port 52284
1572948050775	geckodriver	INFO	Listening on 127.0.0.1:52357
1572948052804	mozprofile::profile	INFO	Using profile path C:\Users\ADMINI~1\AppData\Local\Temp\rust_mozprofile.UL3hQPHNZ3cd
1572948052809	geckodriver::marionette	INFO	Starting browser C:\Program Files\Mozilla Firefox\firefox.exe
1572948052821	geckodriver::marionette	INFO	Connecting to Marionette on localhost:52363
1572948053898	Marionette	INFO	Listening on port 52363
1572948259128	geckodriver	INFO	Listening on 127.0.0.1:52448
1572948261156	mozprofile::profile	INFO	Using profile path C:\Users\ADMINI~1\AppData\Local\Temp\rust_mozprofile.Z9g2RCeFASIG
1572948261163	geckodriver::marionette	INFO	Starting browser C:\Program Files\Mozilla Firefox\firefox.exe
1572948261168	geckodriver::marionette	INFO	Connecting to Marionette on localhost:52454
1572948262032	Marionette	INFO	Listening on port 52454
1572948312053	geckodriver	INFO	Listening on 127.0.0.1:52524
1572948314082	mozprofile::profile	INFO	Using profile path C:\Users\ADMINI~1\AppData\Local\Temp\rust_mozprofile.93WWedWWv8aO
1572948314087	geckodriver::marionette	INFO	Starting browser C:\Program Files\Mozilla Firefox\firefox.exe
1572948314094	geckodriver::marionette	INFO	Connecting to Marionette on localhost:52530
1572948314934	Marionette	INFO	Listening on port 52530
1572948387770	geckodriver	INFO	Listening on 127.0.0.1:52617
1572948389778	mozprofile::profile	INFO	Using profile path C:\Users\ADMINI~1\AppData\Local\Temp\rust_mozprofile.i0oVDmropU2D
1572948389784	geckodriver::marionette	INFO	Starting browser C:\Program Files\Mozilla Firefox\firefox.exe
1572948389791	geckodriver::marionette	INFO	Connecting to Marionette on localhost:52623
1572948390623	Marionette	INFO	Listening on port 52623
1572948446817	geckodriver	INFO	Listening on 127.0.0.1:52701
1572948448841	mozprofile::profile	INFO	Using profile path C:\Users\ADMINI~1\AppData\Local\Temp\rust_mozprofile.8RWbbNehFio3
1572948448846	geckodriver::marionette	INFO	Starting browser C:\Program Files\Mozilla Firefox\firefox.exe
1572948448853	geckodriver::marionette	INFO	Connecting to Marionette on localhost:52707
1572948449733	Marionette	INFO	Listening on port 52707
1572948508068	geckodriver	INFO	Listening on 127.0.0.1:52781
1572948510079	mozprofile::profile	INFO	Using profile path C:\Users\ADMINI~1\AppData\Local\Temp\rust_mozprofile.babEDKDBxZNG
1572948510085	geckodriver::marionette	INFO	Starting browser C:\Program Files\Mozilla Firefox\firefox.exe
1572948510092	geckodriver::marionette	INFO	Connecting to Marionette on localhost:52787
1572948510936	Marionette	INFO	Listening on port 52787
1573014224733	geckodriver	INFO	Listening on 127.0.0.1:49815
1573014226721	mozprofile::profile	INFO	Using profile path C:\Users\ADMINI~1\AppData\Local\Temp\rust_mozprofile.hrrtr275uVun
1573014226726	geckodriver::marionette	INFO	Starting browser C:\Program Files\Mozilla Firefox\firefox.exe
1573014226732	geckodriver::marionette	INFO	Connecting to Marionette on localhost:49821
1573014228081	Marionette	INFO	Listening on port 49821
1573014315514	geckodriver	INFO	Listening on 127.0.0.1:49900
1573014317533	mozprofile::profile	INFO	Using profile path C:\Users\ADMINI~1\AppData\Local\Temp\rust_mozprofile.OUvkslrGOORO
1573014317538	geckodriver::marionette	INFO	Starting browser C:\Program Files\Mozilla Firefox\firefox.exe
1573014317546	geckodriver::marionette	INFO	Connecting to Marionette on localhost:49906
1573014318565	Marionette	INFO	Listening on port 49906
1573014395607	geckodriver	INFO	Listening on 127.0.0.1:49984
1573014397612	mozprofile::profile	INFO	Using profile path C:\Users\ADMINI~1\AppData\Local\Temp\rust_mozprofile.9npYRJD45gv6
1573014397617	geckodriver::marionette	INFO	Starting browser C:\Program Files\Mozilla Firefox\firefox.exe
1573014397623	geckodriver::marionette	INFO	Connecting to Marionette on localhost:49990
1573014398673	Marionette	INFO	Listening on port 49990
1573015177218	geckodriver	INFO	Listening on 127.0.0.1:50210
1573015179224	mozprofile::profile	INFO	Using profile path C:\Users\ADMINI~1\AppData\Local\Temp\rust_mozprofile.EsGcbaoKaeP0
1573015179229	geckodriver::marionette	INFO	Starting browser C:\Program Files\Mozilla Firefox\firefox.exe
1573015179233	geckodriver::marionette	INFO	Connecting to Marionette on localhost:50216
1573015180323	Marionette	INFO	Listening on port 50216
1573015271242	geckodriver	INFO	Listening on 127.0.0.1:50323
1573015273260	mozprofile::profile	INFO	Using profile path C:\Users\ADMINI~1\AppData\Local\Temp\rust_mozprofile.FuuK9iK2fdDi
1573015273266	geckodriver::marionette	INFO	Starting browser C:\Program Files\Mozilla Firefox\firefox.exe
1573015273276	geckodriver::marionette	INFO	Connecting to Marionette on localhost:50329
1573015274129	Marionette	INFO	Listening on port 50329
JavaScript error: https://ss1.bdstatic.com/5eN1bjq8AAUYm2zgoY3K/r/www/cache/static/protocol/https/plugins/every_cookie_4644b13.js, line 4: ReferenceError: c is not defined
JavaScript warning: resource://gre/modules/commonjs/toolkit/loader.js -> resource://gre/modules/commonjs/sdk/system/environment.js, line 15: Proxy.create and Proxy.createFunction are deprecated, use new Proxy instead
JavaScript error: resource://gre/modules/commonjs/toolkit/loader.js -> resource://devtools/server/actors/inspector.js, line 4047: NS_ERROR_ILLEGAL_VALUE: Component returned failure code: 0x80070057 (NS_ERROR_ILLEGAL_VALUE) [inIDeepTreeWalker.parentNode]
JavaScript error: resource://gre/modules/commonjs/toolkit/loader.js -> resource://devtools/server/actors/inspector.js, line 4047: NS_ERROR_ILLEGAL_VALUE: Component returned failure code: 0x80070057 (NS_ERROR_ILLEGAL_VALUE) [inIDeepTreeWalker.parentNode]
JavaScript error: resource://gre/modules/commonjs/toolkit/loader.js -> resource://devtools/server/actors/inspector.js, line 4047: NS_ERROR_ILLEGAL_VALUE: Component returned failure code: 0x80070057 (NS_ERROR_ILLEGAL_VALUE) [inIDeepTreeWalker.parentNode]
JavaScript error: resource://gre/modules/commonjs/toolkit/loader.js -> resource://devtools/server/actors/inspector.js, line 4047: NS_ERROR_ILLEGAL_VALUE: Component returned failure code: 0x80070057 (NS_ERROR_ILLEGAL_VALUE) [inIDeepTreeWalker.parentNode]
JavaScript error: resource://gre/modules/commonjs/toolkit/loader.js -> resource://devtools/server/actors/inspector.js, line 4047: NS_ERROR_ILLEGAL_VALUE: Component returned failure code: 0x80070057 (NS_ERROR_ILLEGAL_VALUE) [inIDeepTreeWalker.parentNode]
JavaScript error: resource://gre/modules/commonjs/toolkit/loader.js -> resource://devtools/server/actors/inspector.js, line 4047: NS_ERROR_ILLEGAL_VALUE: Component returned failure code: 0x80070057 (NS_ERROR_ILLEGAL_VALUE) [inIDeepTreeWalker.parentNode]
console.error: 
  Protocol error (noSuchActor): No such actor for ID: server1.conn0.highlighter30
sing profile path C:\Users\ADMINI~1\AppData\Local\Temp\rust_mozprofile.uAPGzMveU14y
1573015726263	geckodriver::marionette	INFO	Starting browser C:\Program Files\Mozilla Firefox\firefox.exe
1573015726270	geckodriver::marionette	INFO	Connecting to Marionette on localhost:50486
1573015727104	Marionette	INFO	Listening on port 50486
JavaScript error: https://ss1.bdstatic.com/5eN1bjq8AAUYm2zgoY3K/r/www/cache/static/protocol/https/plugins/every_cookie_4644b13.js, line 4: ReferenceError: c is not defined
JavaScript warning: resource://gre/modules/commonjs/toolkit/loader.js -> resource://gre/modules/commonjs/sdk/system/environment.js, line 15: Proxy.create and Proxy.createFunction are deprecated, use new Proxy instead
JavaScript warning: chrome://pocket/content/pktApi.jsm, line 615: String.prototype.contains() is deprecated and will be removed in a future release; use String.prototype.includes() instead
JavaScript error: , line 0: NetworkError: A network error occurred.
Handler function threw an exception: TypeError: threadActor is null
Stack: TabActor.prototype._windowReady@resource://gre/modules/commonjs/toolkit/loader.js -> resource://devtools/server/actors/webbrowser.js:1734:1
TabActor.prototype._changeTopLevelDocument/<@resource://gre/modules/commonjs/toolkit/loader.js -> resource://devtools/server/actors/webbrowser.js:1671:7
exports.makeInfallible/<@resource://gre/modules/commonjs/toolkit/loader.js -> resource://devtools/shared/ThreadSafeDevToolsUtils.js:101:14
Line: 1734, column: 1
console.error: 
  Handler function threw an exception: TypeError: threadActor is null
Stack: TabActor.prototype._windowReady@resource://gre/modules/commonjs/toolkit/loader.js -> resource://devtools/server/actors/webbrowser.js:1734:1
TabActor.prototype._changeTopLevelDocument/<@resource://gre/modules/commonjs/toolkit/loader.js -> resource://devtools/server/actors/webbrowser.js:1671:7
exports.makeInfallible/<@resource://gre/modules/commonjs/toolkit/loader.js -> resource://devtools/shared/ThreadSafeDevToolsUtils.js:101:14
Line: 1734, column: 1
1573016102952	geckodriver	INFO	Listening on 127.0.0.1:50678
1573016104966	mozprofile::profile	INFO	Using profile path C:\Users\ADMINI~1\AppData\Local\Temp\rust_mozprofile.d75rpfJrQxQk
1573016104970	geckodriver::marionette	INFO	Starting browser C:\Program Files\Mozilla Firefox\firefox.exe
1573016104975	geckodriver::marionette	INFO	Connecting to Marionette on localhost:50684
1573016106023	Marionette	INFO	Listening on port 50684
JavaScript error: https://ss1.bdstatic.com/5eN1bjq8AAUYm2zgoY3K/r/www/cache/static/protocol/https/plugins/every_cookie_4644b13.js, line 4: ReferenceError: c is not defined
1573016257837	geckodriver	INFO	Listening on 127.0.0.1:50761
1573016259834	mozprofile::profile	INFO	Using profile path C:\Users\ADMINI~1\AppData\Local\Temp\rust_mozprofile.FwjVz9Eb44lQ
1573016259840	geckodriver::marionette	INFO	Starting browser C:\Program Files\Mozilla Firefox\firefox.exe
1573016259848	geckodriver::marionette	INFO	Connecting to Marionette on localhost:50767
1573016260694	Marionette	INFO	Listening on port 50767
JavaScript error: https://ss1.bdstatic.com/5eN1bjq8AAUYm2zgoY3K/r/www/cache/static/protocol/https/plugins/every_cookie_4644b13.js, line 4: ReferenceError: c is not defined
1573018278614	geckodriver	INFO	Listening on 127.0.0.1:51278
1573018280626	mozprofile::profile	INFO	Using profile path C:\Users\ADMINI~1\AppData\Local\Temp\rust_mozprofile.CL3fKD3apU45
1573018280631	geckodriver::marionette	INFO	Starting browser C:\Program Files\Mozilla Firefox\firefox.exe
1573018280638	geckodriver::marionette	INFO	Connecting to Marionette on localhost:51284
1573018281454	Marionette	INFO	Listening on port 51284
1573018305758	geckodriver	INFO	Listening on 127.0.0.1:51349
1573018307788	mozprofile::profile	INFO	Using profile path C:\Users\ADMINI~1\AppData\Local\Temp\rust_mozprofile.iVUHz4Ulr7T5
1573018307793	geckodriver::marionette	INFO	Starting browser C:\Program Files\Mozilla Firefox\firefox.exe
1573018307802	geckodriver::marionette	INFO	Connecting to Marionette on localhost:51355
1573018308625	Marionette	INFO	Listening on port 51355
1573018709581	geckodriver	INFO	Listening on 127.0.0.1:51603
1573018711605	mozprofile::profile	INFO	Using profile path C:\Users\ADMINI~1\AppData\Local\Temp\rust_mozprofile.DYIo3CQor7tc
1573018711610	geckodriver::marionette	INFO	Starting browser C:\Program Files\Mozilla Firefox\firefox.exe
1573018711617	geckodriver::marionette	INFO	Connecting to Marionette on localhost:51609
1573018712455	Marionette	INFO	Listening on port 51609
1573021444063	geckodriver	INFO	Listening on 127.0.0.1:51857
1573021446072	mozprofile::profile	INFO	Using profile path C:\Users\ADMINI~1\AppData\Local\Temp\rust_mozprofile.nneOghe8c4Wo
1573021446078	geckodriver::marionette	INFO	Starting browser C:\Program Files\Mozilla Firefox\firefox.exe
1573021446086	geckodriver::marionette	INFO	Connecting to Marionette on localhost:51863
1573021447250	Marionette	INFO	Listening on port 51863
1573021758191	geckodriver	INFO	Listening on 127.0.0.1:51970
1573021760221	mozprofile::profile	INFO	Using profile path C:\Users\ADMINI~1\AppData\Local\Temp\rust_mozprofile.XraWjgyKIOQh
1573021760226	geckodriver::marionette	INFO	Starting browser C:\Program Files\Mozilla Firefox\firefox.exe
1573021760233	geckodriver::marionette	INFO	Connecting to Marionette on localhost:51976
1573021761233	Marionette	INFO	Listening on port 51976
1573021808543	geckodriver	INFO	Listening on 127.0.0.1:52060
1573021810548	mozprofile::profile	INFO	Using profile path C:\Users\ADMINI~1\AppData\Local\Temp\rust_mozprofile.85orWw20toRp
1573021810553	geckodriver::marionette	INFO	Starting browser C:\Program Files\Mozilla Firefox\firefox.exe
1573021810561	geckodriver::marionette	INFO	Connecting to Marionette on localhost:52066
1573021811380	Marionette	INFO	Listening on port 52066
1573021911462	geckodriver	INFO	Listening on 127.0.0.1:52240
1573021913475	mozprofile::profile	INFO	Using profile path C:\Users\ADMINI~1\AppData\Local\Temp\rust_mozprofile.Y330g3oTMJxe
1573021913480	geckodriver::marionette	INFO	Starting browser C:\Program Files\Mozilla Firefox\firefox.exe
1573021913487	geckodriver::marionette	INFO	Connecting to Marionette on localhost:52246
1573021914427	Marionette	INFO	Listening on port 52246
WebGL(000000002B427800)::ForceLoseContext
WebGL(000000002B490000)::ForceLoseContext
WebGL(00000000305C1800)::ForceLoseContext
WebGL(00000000305D4000)::ForceLoseContext
WebGL(00000000326E2000)::ForceLoseContext
JavaScript warning: https://g.alicdn.com/??mui/mallbar/3.2.36/index.js,kissy/k/1.4.2/swf-min.js,kissy/k/1.4.2/xtemplate-min.js,kissy/k/1.4.2/xtemplate/runtime-min.js,kissy/k/1.4.2/xtemplate/compiler-min.js,mui/mallbar/3.2.36/conf.js,mui/mallbar/3.2.36/util.js,mui/minilogin/3.1.6/index.js,mui/overlay/3.0.10/dialog.js,kissy/k/1.4.2/overlay-min.js,kissy/k/1.4.2/component/container-min.js,kissy/k/1.4.2/component/control-min.js,kissy/k/1.4.2/component/manager-min.js,kissy/k/1.4.2/component/extension/shim-min.js,kissy/k/1.4.2/component/extension/align-min.js,kissy/k/1.4.2/component/extension/content-xtpl-min.js,kissy/k/1.4.2/component/extension/content-render-min.js,mui/mallbar/3.2.36/model.js,mui/mallbar/3.2.36/store.js,mui/storage/3.0.5/index.js,mui/storage/3.0.5/conf.js,mui/storage/3.0.5/util.js,mui/storage/3.0.5/xd.js,mui/storage/3.0.5/name.js,mui/mallbar/3.2.36/mallbar-item.js,mui/mallbar/3.2.36/mallbar-guide.js,mui/mallbar/3.2.36/plugin-prof.js,mui/mallbar/3.2.36/plugin-asset.js,mui/mallbar/3.2.36/plugin-brand.js,mui/mallbar/3.2.36/plugin-live.js,mui/mallbar/3.2.36/plugin-foot.js,mui/mallbar/3.2.36/plugin-top.js,mui/mallbar/3.2.36/plugin-ue.js,mui/mallbar/3.2.36/plugin-qrcode.js,mui/mallbar/3.2.36/plugin-favor.js,mui/mallbar/3.2.36/plugin-charge.js,mui/mallbar/3.2.36/plugin-cart.js,mui/minicart/3.0.38/minicart.js,mui/minicart/3.0.38/model.js,mui/minicart/3.0.38/util.js?t=1_2013072520131122.js, line 22: Using //@ to indicate sourceURL pragmas is deprecated. Use //# instead
JavaScript warning: https://g.alicdn.com/??mui/mallbar/3.2.36/index.js,kissy/k/1.4.2/swf-min.js,kissy/k/1.4.2/xtemplate-min.js,kissy/k/1.4.2/xtemplate/runtime-min.js,kissy/k/1.4.2/xtemplate/compiler-min.js,mui/mallbar/3.2.36/conf.js,mui/mallbar/3.2.36/util.js,mui/minilogin/3.1.6/index.js,mui/overlay/3.0.10/dialog.js,kissy/k/1.4.2/overlay-min.js,kissy/k/1.4.2/component/container-min.js,kissy/k/1.4.2/component/control-min.js,kissy/k/1.4.2/component/manager-min.js,kissy/k/1.4.2/component/extension/shim-min.js,kissy/k/1.4.2/component/extension/align-min.js,kissy/k/1.4.2/component/extension/content-xtpl-min.js,kissy/k/1.4.2/component/extension/content-render-min.js,mui/mallbar/3.2.36/model.js,mui/mallbar/3.2.36/store.js,mui/storage/3.0.5/index.js,mui/storage/3.0.5/conf.js,mui/storage/3.0.5/util.js,mui/storage/3.0.5/xd.js,mui/storage/3.0.5/name.js,mui/mallbar/3.2.36/mallbar-item.js,mui/mallbar/3.2.36/mallbar-guide.js,mui/mallbar/3.2.36/plugin-prof.js,mui/mallbar/3.2.36/plugin-asset.js,mui/mallbar/3.2.36/plugin-brand.js,mui/mallbar/3.2.36/plugin-live.js,mui/mallbar/3.2.36/plugin-foot.js,mui/mallbar/3.2.36/plugin-top.js,mui/mallbar/3.2.36/plugin-ue.js,mui/mallbar/3.2.36/plugin-qrcode.js,mui/mallbar/3.2.36/plugin-favor.js,mui/mallbar/3.2.36/plugin-charge.js,mui/mallbar/3.2.36/plugin-cart.js,mui/minicart/3.0.38/minicart.js,mui/minicart/3.0.38/model.js,mui/minicart/3.0.38/util.js?t=1_2013072520131122.js, line 7: Using //@ to indicate sourceURL pragmas is deprecated. Use //# instead
JavaScript warning: https://g.alicdn.com/??mui/mallbar/3.2.36/index.js,kissy/k/1.4.2/swf-min.js,kissy/k/1.4.2/xtemplate-min.js,kissy/k/1.4.2/xtemplate/runtime-min.js,kissy/k/1.4.2/xtemplate/compiler-min.js,mui/mallbar/3.2.36/conf.js,mui/mallbar/3.2.36/util.js,mui/minilogin/3.1.6/index.js,mui/overlay/3.0.10/dialog.js,kissy/k/1.4.2/overlay-min.js,kissy/k/1.4.2/component/container-min.js,kissy/k/1.4.2/component/control-min.js,kissy/k/1.4.2/component/manager-min.js,kissy/k/1.4.2/component/extension/shim-min.js,kissy/k/1.4.2/component/extension/align-min.js,kissy/k/1.4.2/component/extension/content-xtpl-min.js,kissy/k/1.4.2/component/extension/content-render-min.js,mui/mallbar/3.2.36/model.js,mui/mallbar/3.2.36/store.js,mui/storage/3.0.5/index.js,mui/storage/3.0.5/conf.js,mui/storage/3.0.5/util.js,mui/storage/3.0.5/xd.js,mui/storage/3.0.5/name.js,mui/mallbar/3.2.36/mallbar-item.js,mui/mallbar/3.2.36/mallbar-guide.js,mui/mallbar/3.2.36/plugin-prof.js,mui/mallbar/3.2.36/plugin-asset.js,mui/mallbar/3.2.36/plugin-brand.js,mui/mallbar/3.2.36/plugin-live.js,mui/mallbar/3.2.36/plugin-foot.js,mui/mallbar/3.2.36/plugin-top.js,mui/mallbar/3.2.36/plugin-ue.js,mui/mallbar/3.2.36/plugin-qrcode.js,mui/mallbar/3.2.36/plugin-favor.js,mui/mallbar/3.2.36/plugin-charge.js,mui/mallbar/3.2.36/plugin-cart.js,mui/minicart/3.0.38/minicart.js,mui/minicart/3.0.38/model.js,mui/minicart/3.0.38/util.js?t=1_2013072520131122.js, line 216: Using //@ to indicate sourceURL pragmas is deprecated. Use //# instead
JavaScript warning: https://g.alicdn.com/??mui/mallbar/3.2.36/index.js,kissy/k/1.4.2/swf-min.js,kissy/k/1.4.2/xtemplate-min.js,kissy/k/1.4.2/xtemplate/runtime-min.js,kissy/k/1.4.2/xtemplate/compiler-min.js,mui/mallbar/3.2.36/conf.js,mui/mallbar/3.2.36/util.js,mui/minilogin/3.1.6/index.js,mui/overlay/3.0.10/dialog.js,kissy/k/1.4.2/overlay-min.js,kissy/k/1.4.2/component/container-min.js,kissy/k/1.4.2/component/control-min.js,kissy/k/1.4.2/component/manager-min.js,kissy/k/1.4.2/component/extension/shim-min.js,kissy/k/1.4.2/component/extension/align-min.js,kissy/k/1.4.2/component/extension/content-xtpl-min.js,kissy/k/1.4.2/component/extension/content-render-min.js,mui/mallbar/3.2.36/model.js,mui/mallbar/3.2.36/store.js,mui/storage/3.0.5/index.js,mui/storage/3.0.5/conf.js,mui/storage/3.0.5/util.js,mui/storage/3.0.5/xd.js,mui/storage/3.0.5/name.js,mui/mallbar/3.2.36/mallbar-item.js,mui/mallbar/3.2.36/mallbar-guide.js,mui/mallbar/3.2.36/plugin-prof.js,mui/mallbar/3.2.36/plugin-asset.js,mui/mallbar/3.2.36/plugin-brand.js,mui/mallbar/3.2.36/plugin-live.js,mui/mallbar/3.2.36/plugin-foot.js,mui/mallbar/3.2.36/plugin-top.js,mui/mallbar/3.2.36/plugin-ue.js,mui/mallbar/3.2.36/plugin-qrcode.js,mui/mallbar/3.2.36/plugin-favor.js,mui/mallbar/3.2.36/plugin-charge.js,mui/mallbar/3.2.36/plugin-cart.js,mui/minicart/3.0.38/minicart.js,mui/minicart/3.0.38/model.js,mui/minicart/3.0.38/util.js?t=1_2013072520131122.js, line 146: Using //@ to indicate sourceURL pragmas is deprecated. Use //# instead
JavaScript warning: https://g.alicdn.com/??mui/mallbar/3.2.36/index.js,kissy/k/1.4.2/swf-min.js,kissy/k/1.4.2/xtemplate-min.js,kissy/k/1.4.2/xtemplate/runtime-min.js,kissy/k/1.4.2/xtemplate/compiler-min.js,mui/mallbar/3.2.36/conf.js,mui/mallbar/3.2.36/util.js,mui/minilogin/3.1.6/index.js,mui/overlay/3.0.10/dialog.js,kissy/k/1.4.2/overlay-min.js,kissy/k/1.4.2/component/container-min.js,kissy/k/1.4.2/component/control-min.js,kissy/k/1.4.2/component/manager-min.js,kissy/k/1.4.2/component/extension/shim-min.js,kissy/k/1.4.2/component/extension/align-min.js,kissy/k/1.4.2/component/extension/content-xtpl-min.js,kissy/k/1.4.2/component/extension/content-render-min.js,mui/mallbar/3.2.36/model.js,mui/mallbar/3.2.36/store.js,mui/storage/3.0.5/index.js,mui/storage/3.0.5/conf.js,mui/storage/3.0.5/util.js,mui/storage/3.0.5/xd.js,mui/storage/3.0.5/name.js,mui/mallbar/3.2.36/mallbar-item.js,mui/mallbar/3.2.36/mallbar-guide.js,mui/mallbar/3.2.36/plugin-prof.js,mui/mallbar/3.2.36/plugin-asset.js,mui/mallbar/3.2.36/plugin-brand.js,mui/mallbar/3.2.36/plugin-live.js,mui/mallbar/3.2.36/plugin-foot.js,mui/mallbar/3.2.36/plugin-top.js,mui/mallbar/3.2.36/plugin-ue.js,mui/mallbar/3.2.36/plugin-qrcode.js,mui/mallbar/3.2.36/plugin-favor.js,mui/mallbar/3.2.36/plugin-charge.js,mui/mallbar/3.2.36/plugin-cart.js,mui/minicart/3.0.38/minicart.js,mui/minicart/3.0.38/model.js,mui/minicart/3.0.38/util.js?t=1_2013072520131122.js, line 36: Using //@ to indicate sourceURL pragmas is deprecated. Use //# instead
JavaScript warning: https://g.alicdn.com/??mui/mallbar/3.2.36/index.js,kissy/k/1.4.2/swf-min.js,kissy/k/1.4.2/xtemplate-min.js,kissy/k/1.4.2/xtemplate/runtime-min.js,kissy/k/1.4.2/xtemplate/compiler-min.js,mui/mallbar/3.2.36/conf.js,mui/mallbar/3.2.36/util.js,mui/minilogin/3.1.6/index.js,mui/overlay/3.0.10/dialog.js,kissy/k/1.4.2/overlay-min.js,kissy/k/1.4.2/component/container-min.js,kissy/k/1.4.2/component/control-min.js,kissy/k/1.4.2/component/manager-min.js,kissy/k/1.4.2/component/extension/shim-min.js,kissy/k/1.4.2/component/extension/align-min.js,kissy/k/1.4.2/component/extension/content-xtpl-min.js,kissy/k/1.4.2/component/extension/content-render-min.js,mui/mallbar/3.2.36/model.js,mui/mallbar/3.2.36/store.js,mui/storage/3.0.5/index.js,mui/storage/3.0.5/conf.js,mui/storage/3.0.5/util.js,mui/storage/3.0.5/xd.js,mui/storage/3.0.5/name.js,mui/mallbar/3.2.36/mallbar-item.js,mui/mallbar/3.2.36/mallbar-guide.js,mui/mallbar/3.2.36/plugin-prof.js,mui/mallbar/3.2.36/plugin-asset.js,mui/mallbar/3.2.36/plugin-brand.js,mui/mallbar/3.2.36/plugin-live.js,mui/mallbar/3.2.36/plugin-foot.js,mui/mallbar/3.2.36/plugin-top.js,mui/mallbar/3.2.36/plugin-ue.js,mui/mallbar/3.2.36/plugin-qrcode.js,mui/mallbar/3.2.36/plugin-favor.js,mui/mallbar/3.2.36/plugin-charge.js,mui/mallbar/3.2.36/plugin-cart.js,mui/minicart/3.0.38/minicart.js,mui/minicart/3.0.38/model.js,mui/minicart/3.0.38/util.js?t=1_2013072520131122.js, line 98: Using //@ to indicate sourceURL pragmas is deprecated. Use //# instead
JavaScript warning: https://g.alicdn.com/??mui/mallbar/3.2.36/index.js,kissy/k/1.4.2/swf-min.js,kissy/k/1.4.2/xtemplate-min.js,kissy/k/1.4.2/xtemplate/runtime-min.js,kissy/k/1.4.2/xtemplate/compiler-min.js,mui/mallbar/3.2.36/conf.js,mui/mallbar/3.2.36/util.js,mui/minilogin/3.1.6/index.js,mui/overlay/3.0.10/dialog.js,kissy/k/1.4.2/overlay-min.js,kissy/k/1.4.2/component/container-min.js,kissy/k/1.4.2/component/control-min.js,kissy/k/1.4.2/component/manager-min.js,kissy/k/1.4.2/component/extension/shim-min.js,kissy/k/1.4.2/component/extension/align-min.js,kissy/k/1.4.2/component/extension/content-xtpl-min.js,kissy/k/1.4.2/component/extension/content-render-min.js,mui/mallbar/3.2.36/model.js,mui/mallbar/3.2.36/store.js,mui/storage/3.0.5/index.js,mui/storage/3.0.5/conf.js,mui/storage/3.0.5/util.js,mui/storage/3.0.5/xd.js,mui/storage/3.0.5/name.js,mui/mallbar/3.2.36/mallbar-item.js,mui/mallbar/3.2.36/mallbar-guide.js,mui/mallbar/3.2.36/plugin-prof.js,mui/mallbar/3.2.36/plugin-asset.js,mui/mallbar/3.2.36/plugin-brand.js,mui/mallbar/3.2.36/plugin-live.js,mui/mallbar/3.2.36/plugin-foot.js,mui/mallbar/3.2.36/plugin-top.js,mui/mallbar/3.2.36/plugin-ue.js,mui/mallbar/3.2.36/plugin-qrcode.js,mui/mallbar/3.2.36/plugin-favor.js,mui/mallbar/3.2.36/plugin-charge.js,mui/mallbar/3.2.36/plugin-cart.js,mui/minicart/3.0.38/minicart.js,mui/minicart/3.0.38/model.js,mui/minicart/3.0.38/util.js?t=1_2013072520131122.js, line 19: Using //@ to indicate sourceURL pragmas is deprecated. Use //# instead
JavaScript warning: https://g.alicdn.com/mui/??kissy-polyfill/4.0.15/index.js,videox/5.0.5/index-pc.js,videox/5.0.5/lib/videox.js,mtop/4.1.1/index.js,mtb-windvane/4.0.3/index.js,babel-polyfill/6.2.6/index.js?t=1_2013072520131122.js, line 2: mutating the [[Prototype]] of an object will cause your code to run very slowly; instead create the object with the correct initial [[Prototype]] value using Object.create
JavaScript error: https://g.alicdn.com/??tm/detail/1.11.50/sku/stock.js,tm/detail/1.11.50/sku/address.js,tm/detail/1.11.50/sku/thumbViewer.js,tm/detail/1.11.50/view/main.js,tm/detail/1.11.50/sku/padadapte.js,tm/detail/1.11.50/recommend/skuRight.js,tm/shop/3.2.20/dc/global/index.js,tm/shop/3.2.20/dc/header/index.js?t=1_2013072520131122.js, line 1: TypeError: a is null

###!!! [Parent][OnMaybeDequeueOne] Error: Channel closing: too late to send/recv, messages will be lost

ile path C:\Users\ADMINI~1\AppData\Local\Temp\rust_mozprofile.dQ3VAwqPuGPh
1573022690592	geckodriver::marionette	INFO	Starting browser C:\Program Files\Mozilla Firefox\firefox.exe
1573022690601	geckodriver::marionette	INFO	Connecting to Marionette on localhost:52460
1573022691705	Marionette	INFO	Listening on port 52460
JavaScript error: https://ss1.bdstatic.com/5eN1bjq8AAUYm2zgoY3K/r/www/cache/static/protocol/https/plugins/every_cookie_4644b13.js, line 4: ReferenceError: c is not defined
