2019-12-15 13:42:23,351-loggingpack.py-INFO:---测试开始---
2019-12-15 15:33:25,210-loggingpack.py-INFO:---测试开始---
2019-12-15 15:33:25,210-loggingpack.py-INFO:---测试开始---
2019-12-15 15:33:25,211-loggingpack.py-INFO:输入密码
2019-12-15 15:33:25,211-loggingpack.py-INFO:输入密码
2019-12-15 15:33:25,212-loggingpack.py-WARNING:测试结束
2019-12-15 15:33:25,212-loggingpack.py-WARNING:测试结束
2019-12-15 15:43:08,553-loggingpack.py-INFO:---测试开始---
2019-12-15 15:43:08,553-loggingpack.py-INFO:输入密码
2019-12-15 15:43:08,554-loggingpack.py-WARNING:测试结束
2019-12-15 16:04:56,499-loggingpack.py-INFO:---测试开始---
2019-12-15 16:04:56,502-loggingpack.py-INFO:输入密码
2019-12-15 16:04:56,503-loggingpack.py-WARNING:测试结束
2019-12-15 16:22:37,392-loggingpack.py-INFO:---测试用例开始---
2019-12-15 16:22:37,693-loggingpack.py-INFO:input content:python
2019-12-15 16:22:38,049-loggingpack.py-INFO:click button:id=su
2019-12-15 16:22:40,072-loggingpack.py-INFO:get driver title:python_百度搜索
2019-12-15 16:47:09,913-loggingpack.py-INFO:---测试开始---
2019-12-15 16:47:09,914-loggingpack.py-INFO:输入密码
2019-12-15 16:47:09,915-loggingpack.py-WARNING:测试结束
2019-12-15 16:49:29,935-loggingpack.py-INFO:---测试用例开始---
2019-12-15 16:49:30,201-loggingpack.py-INFO:input content:python
2019-12-15 16:49:30,482-loggingpack.py-INFO:click button:id=su
2019-12-15 16:49:32,500-loggingpack.py-INFO:get driver title:python_百度搜索
